#
# A fatal error has been detected by the Java Runtime Environment:
#
#  EXCEPTION_ACCESS_VIOLATION (0xc0000005) at pc=0x00007fffb3849ceb, pid=35480, tid=0x00000000000061b8
#
# JRE version: Java(TM) SE Runtime Environment (8.0_301-b09) (build 1.8.0_301-b09)
# Java VM: Java HotSpot(TM) 64-Bit Server VM (25.301-b09 mixed mode windows-amd64 compressed oops)
# Problematic frame:
# C  [gdal204.dll+0x59ceb]
#
# Failed to write core dump. Minidumps are not enabled by default on client versions of Windows
#
# If you would like to submit a bug report, please visit:
#   http://bugreport.java.com/bugreport/crash.jsp
# The crash happened outside the Java Virtual Machine in native code.
# See problematic frame for where to report the bug.
#

---------------  T H R E A D  ---------------

Current thread (0x000002876fd2a000):  JavaThread "http-nio-8083-exec-8" daemon [_thread_in_native, id=25016, stack(0x000000a0efe00000,0x000000a0eff00000)]

siginfo: ExceptionCode=0xc0000005, reading address 0x0000000000000008

Registers:
RAX=0x0000000000000000, RBX=0x0000000000000001, RCX=0x000000000000000b, RDX=0x0000000000000000
RSP=0x000000a0efefcc50, RBP=0x0000000000000000, RSI=0x000002877024b5a0, RDI=0x000002877064d780
R8 =0x000000a0efefcc00, R9 =0x000002877064d898, R10=0x0000000000000000, R11=0xbffdfffffefdffff
R12=0x0000000000000000, R13=0x0000028772d05478, R14=0x00000287701ec080, R15=0x000002876fd2a000
RIP=0x00007fffb3849ceb, EFLAGS=0x0000000000010206

Top of Stack: (sp=0x000000a0efefcc50)
0x000000a0efefcc50:   000002876fb9bf50 0000028770033a00
0x000000a0efefcc60:   0000000000000000 000002877064d780
0x000000a0efefcc70:   000002870000009a 0000028700000000
0x000000a0efefcc80:   fffffffffffffffe 0000028772f4a6a0
0x000000a0efefcc90:   00007fffb4494f60 000000000000009a
0x000000a0efefcca0:   000002877064d780 00000000000000fe
0x000000a0efefccb0:   0000000000000001 00007fffb3847b8b
0x000000a0efefccc0:   0000000000000028 000002877064d780
0x000000a0efefccd0:   00000287701ec080 00007fffb383a6ba
0x000000a0efefcce0:   fffffffffffffffe 000000a0efefcd68
0x000000a0efefccf0:   000002877064d780 00007fffb3853a24
0x000000a0efefcd00:   0000028772fd9040 0000000000000001
0x000000a0efefcd10:   00000000000000fe 00007fffb3827e89
0x000000a0efefcd20:   0000028772f4a640 00007fffb3839283
0x000000a0efefcd30:   0000028772fd9000 0000028772fd9000
0x000000a0efefcd40:   00000000000000fe 00007fffb3827901 

Instructions: (pc=0x00007fffb3849ceb)
0x00007fffb3849ccb:   48 89 7c 24 78 8b 0d 8a 47 33 01 65 48 8b 04 25
0x00007fffb3849cdb:   58 00 00 00 be 10 00 00 00 48 03 34 c8 48 8b 06
0x00007fffb3849ceb:   48 8b 48 08 48 8b d8 80 79 19 00 75 18 48 39 79
0x00007fffb3849cfb:   20 73 06 48 8b 49 10 eb 06 48 8b d9 48 8b 09 80 


Register to memory mapping:

RAX=0x0000000000000000 is an unknown value
RBX=0x0000000000000001 is an unknown value
RCX=0x000000000000000b is an unknown value
RDX=0x0000000000000000 is an unknown value
RSP=0x000000a0efefcc50 is pointing into the stack for thread: 0x000002876fd2a000
RBP=0x0000000000000000 is an unknown value
RSI=0x000002877024b5a0 is an unknown value
RDI=0x000002877064d780 is an unknown value
R8 =0x000000a0efefcc00 is pointing into the stack for thread: 0x000002876fd2a000
R9 =0x000002877064d898 is an unknown value
R10=0x0000000000000000 is an unknown value
R11=0xbffdfffffefdffff is an unknown value
R12=0x0000000000000000 is an unknown value
R13={method} {0x0000028772d05480} 'GDALDestroyDriverManager' '()V' in 'org/gdal/gdal/gdalJNI'
R14=0x00000287701ec080 is an unknown value
R15=0x000002876fd2a000 is a thread


Stack: [0x000000a0efe00000,0x000000a0eff00000],  sp=0x000000a0efefcc50,  free space=1011k
Native frames: (J=compiled Java code, j=interpreted, Vv=VM code, C=native code)

Java frames: (J=compiled Java code, j=interpreted, Vv=VM code)
j  org.gdal.gdal.gdalJNI.GDALDestroyDriverManager()V+0
j  org.gdal.gdal.gdal.GDALDestroyDriverManager()V+0
j  nnu.ogms.basins.Utils.GDALUtil.clip(Ljava/lang/String;Ljava/lang/String;Ljava/lang/String;)V+301
j  nnu.ogms.basins.Service.PreprocessService.basinScopeShp(Ljava/lang/String;Ljava/lang/String;Ljava/lang/String;)Ljava/lang/Object;+91
j  nnu.ogms.basins.Controller.PreprocessController.transformGeoJson2Shp(Ljava/lang/String;)Ljava/lang/Object;+18
v  ~StubRoutines::call_stub
J 2191  sun.reflect.NativeMethodAccessorImpl.invoke0(Ljava/lang/reflect/Method;Ljava/lang/Object;[Ljava/lang/Object;)Ljava/lang/Object; (0 bytes) @ 0x0000028753c501bf [0x0000028753c50140+0x7f]
J 2190 C1 sun.reflect.NativeMethodAccessorImpl.invoke(Ljava/lang/Object;[Ljava/lang/Object;)Ljava/lang/Object; (104 bytes) @ 0x0000028753c509a4 [0x0000028753c505e0+0x3c4]
J 2123 C1 sun.reflect.DelegatingMethodAccessorImpl.invoke(Ljava/lang/Object;[Ljava/lang/Object;)Ljava/lang/Object; (10 bytes) @ 0x0000028753c397e4 [0x0000028753c397a0+0x44]
J 2122 C1 java.lang.reflect.Method.invoke(Ljava/lang/Object;[Ljava/lang/Object;)Ljava/lang/Object; (62 bytes) @ 0x0000028753c393e4 [0x0000028753c392e0+0x104]
j  org.springframework.web.method.support.InvocableHandlerMethod.doInvoke([Ljava/lang/Object;)Ljava/lang/Object;+32
j  org.springframework.web.method.support.InvocableHandlerMethod.invokeForRequest(Lorg/springframework/web/context/request/NativeWebRequest;Lorg/springframework/web/method/support/ModelAndViewContainer;[Ljava/lang/Object;)Ljava/lang/Object;+54
j  org.springframework.web.servlet.mvc.method.annotation.ServletInvocableHandlerMethod.invokeAndHandle(Lorg/springframework/web/context/request/ServletWebRequest;Lorg/springframework/web/method/support/ModelAndViewContainer;[Ljava/lang/Object;)V+4
j  org.springframework.web.servlet.mvc.method.annotation.RequestMappingHandlerAdapter.invokeHandlerMethod(Ljavax/servlet/http/HttpServletRequest;Ljavax/servlet/http/HttpServletResponse;Lorg/springframework/web/method/HandlerMethod;)Lorg/springframework/web/servlet/ModelAndView;+244
j  org.springframework.web.servlet.mvc.method.annotation.RequestMappingHandlerAdapter.handleInternal(Ljavax/servlet/http/HttpServletRequest;Ljavax/servlet/http/HttpServletResponse;Lorg/springframework/web/method/HandlerMethod;)Lorg/springframework/web/servlet/ModelAndView;+81
j  org.springframework.web.servlet.mvc.method.AbstractHandlerMethodAdapter.handle(Ljavax/servlet/http/HttpServletRequest;Ljavax/servlet/http/HttpServletResponse;Ljava/lang/Object;)Lorg/springframework/web/servlet/ModelAndView;+7
j  org.springframework.web.servlet.DispatcherServlet.doDispatch(Ljavax/servlet/http/HttpServletRequest;Ljavax/servlet/http/HttpServletResponse;)V+257
j  org.springframework.web.servlet.DispatcherServlet.doService(Ljavax/servlet/http/HttpServletRequest;Ljavax/servlet/http/HttpServletResponse;)V+241
j  org.springframework.web.servlet.FrameworkServlet.processRequest(Ljavax/servlet/http/HttpServletRequest;Ljavax/servlet/http/HttpServletResponse;)V+71
j  org.springframework.web.servlet.FrameworkServlet.doPost(Ljavax/servlet/http/HttpServletRequest;Ljavax/servlet/http/HttpServletResponse;)V+3
j  javax.servlet.http.HttpServlet.service(Ljavax/servlet/http/HttpServletRequest;Ljavax/servlet/http/HttpServletResponse;)V+149
j  org.springframework.web.servlet.FrameworkServlet.service(Ljavax/servlet/http/HttpServletRequest;Ljavax/servlet/http/HttpServletResponse;)V+33
j  javax.servlet.http.HttpServlet.service(Ljavax/servlet/ServletRequest;Ljavax/servlet/ServletResponse;)V+36
j  org.apache.catalina.core.ApplicationFilterChain.internalDoFilter(Ljavax/servlet/ServletRequest;Ljavax/servlet/ServletResponse;)V+304
j  org.apache.catalina.core.ApplicationFilterChain.doFilter(Ljavax/servlet/ServletRequest;Ljavax/servlet/ServletResponse;)V+101
j  org.apache.tomcat.websocket.server.WsFilter.doFilter(Ljavax/servlet/ServletRequest;Ljavax/servlet/ServletResponse;Ljavax/servlet/FilterChain;)V+21
j  org.apache.catalina.core.ApplicationFilterChain.internalDoFilter(Ljavax/servlet/ServletRequest;Ljavax/servlet/ServletResponse;)V+135
j  org.apache.catalina.core.ApplicationFilterChain.doFilter(Ljavax/servlet/ServletRequest;Ljavax/servlet/ServletResponse;)V+101
j  org.springframework.web.filter.CorsFilter.doFilterInternal(Ljavax/servlet/http/HttpServletRequest;Ljavax/servlet/http/HttpServletResponse;Ljavax/servlet/FilterChain;)V+43
j  org.springframework.web.filter.OncePerRequestFilter.doFilter(Ljavax/servlet/ServletRequest;Ljavax/servlet/ServletResponse;Ljavax/servlet/FilterChain;)V+147
j  org.apache.catalina.core.ApplicationFilterChain.internalDoFilter(Ljavax/servlet/ServletRequest;Ljavax/servlet/ServletResponse;)V+135
j  org.apache.catalina.core.ApplicationFilterChain.doFilter(Ljavax/servlet/ServletRequest;Ljavax/servlet/ServletResponse;)V+101
j  org.springframework.web.filter.RequestContextFilter.doFilterInternal(Ljavax/servlet/http/HttpServletRequest;Ljavax/servlet/http/HttpServletResponse;Ljavax/servlet/FilterChain;)V+21
j  org.springframework.web.filter.OncePerRequestFilter.doFilter(Ljavax/servlet/ServletRequest;Ljavax/servlet/ServletResponse;Ljavax/servlet/FilterChain;)V+147
j  org.apache.catalina.core.ApplicationFilterChain.internalDoFilter(Ljavax/servlet/ServletRequest;Ljavax/servlet/ServletResponse;)V+135
j  org.apache.catalina.core.ApplicationFilterChain.doFilter(Ljavax/servlet/ServletRequest;Ljavax/servlet/ServletResponse;)V+101
j  org.springframework.web.filter.FormContentFilter.doFilterInternal(Ljavax/servlet/http/HttpServletRequest;Ljavax/servlet/http/HttpServletResponse;Ljavax/servlet/FilterChain;)V+38
j  org.springframework.web.filter.OncePerRequestFilter.doFilter(Ljavax/servlet/ServletRequest;Ljavax/servlet/ServletResponse;Ljavax/servlet/FilterChain;)V+147
j  org.apache.catalina.core.ApplicationFilterChain.internalDoFilter(Ljavax/servlet/ServletRequest;Ljavax/servlet/ServletResponse;)V+135
j  org.apache.catalina.core.ApplicationFilterChain.doFilter(Ljavax/servlet/ServletRequest;Ljavax/servlet/ServletResponse;)V+101
j  org.springframework.web.filter.CharacterEncodingFilter.doFilterInternal(Ljavax/servlet/http/HttpServletRequest;Ljavax/servlet/http/HttpServletResponse;Ljavax/servlet/FilterChain;)V+53
j  org.springframework.web.filter.OncePerRequestFilter.doFilter(Ljavax/servlet/ServletRequest;Ljavax/servlet/ServletResponse;Ljavax/servlet/FilterChain;)V+147
j  org.apache.catalina.core.ApplicationFilterChain.internalDoFilter(Ljavax/servlet/ServletRequest;Ljavax/servlet/ServletResponse;)V+135
j  org.apache.catalina.core.ApplicationFilterChain.doFilter(Ljavax/servlet/ServletRequest;Ljavax/servlet/ServletResponse;)V+101
j  org.apache.catalina.core.StandardWrapperValve.invoke(Lorg/apache/catalina/connector/Request;Lorg/apache/catalina/connector/Response;)V+694
j  org.apache.catalina.core.StandardContextValve.invoke(Lorg/apache/catalina/connector/Request;Lorg/apache/catalina/connector/Response;)V+169
j  org.apache.catalina.authenticator.AuthenticatorBase.invoke(Lorg/apache/catalina/connector/Request;Lorg/apache/catalina/connector/Response;)V+260
j  org.apache.catalina.core.StandardHostValve.invoke(Lorg/apache/catalina/connector/Request;Lorg/apache/catalina/connector/Response;)V+128
j  org.apache.catalina.valves.ErrorReportValve.invoke(Lorg/apache/catalina/connector/Request;Lorg/apache/catalina/connector/Response;)V+6
j  org.apache.catalina.core.StandardEngineValve.invoke(Lorg/apache/catalina/connector/Request;Lorg/apache/catalina/connector/Response;)V+59
j  org.apache.catalina.connector.CoyoteAdapter.service(Lorg/apache/coyote/Request;Lorg/apache/coyote/Response;)V+199
j  org.apache.coyote.http11.Http11Processor.service(Lorg/apache/tomcat/util/net/SocketWrapperBase;)Lorg/apache/tomcat/util/net/AbstractEndpoint$Handler$SocketState;+737
j  org.apache.coyote.AbstractProcessorLight.process(Lorg/apache/tomcat/util/net/SocketWrapperBase;Lorg/apache/tomcat/util/net/SocketEvent;)Lorg/apache/tomcat/util/net/AbstractEndpoint$Handler$SocketState;+170
j  org.apache.coyote.AbstractProtocol$ConnectionHandler.process(Lorg/apache/tomcat/util/net/SocketWrapperBase;Lorg/apache/tomcat/util/net/SocketEvent;)Lorg/apache/tomcat/util/net/AbstractEndpoint$Handler$SocketState;+505
j  org.apache.tomcat.util.net.NioEndpoint$SocketProcessor.doRun()V+216
j  org.apache.tomcat.util.net.SocketProcessorBase.run()V+21
j  java.util.concurrent.ThreadPoolExecutor.runWorker(Ljava/util/concurrent/ThreadPoolExecutor$Worker;)V+95
j  java.util.concurrent.ThreadPoolExecutor$Worker.run()V+5
j  org.apache.tomcat.util.threads.TaskThread$WrappingRunnable.run()V+4
j  java.lang.Thread.run()V+11
v  ~StubRoutines::call_stub

---------------  P R O C E S S  ---------------

Java Threads: ( => current thread )
  0x000002876fd27000 JavaThread "WeakCollectionCleaner" daemon [_thread_blocked, id=6560, stack(0x000000a0ed300000,0x000000a0ed400000)]
  0x000002876fd25800 JavaThread "GT authority factory disposer" daemon [_thread_blocked, id=35956, stack(0x000000a0ed200000,0x000000a0ed300000)]
  0x000002876fd27800 JavaThread "DestroyJavaVM" [_thread_blocked, id=29632, stack(0x000000a0ed400000,0x000000a0ed500000)]
  0x000002876fd29000 JavaThread "http-nio-8083-Acceptor" daemon [_thread_in_native, id=15208, stack(0x000000a0f0200000,0x000000a0f0300000)]
  0x000002876fd2b800 JavaThread "http-nio-8083-ClientPoller" daemon [_thread_in_native, id=3204, stack(0x000000a0f0100000,0x000000a0f0200000)]
  0x000002876fd28800 JavaThread "http-nio-8083-exec-10" daemon [_thread_blocked, id=14348, stack(0x000000a0f0000000,0x000000a0f0100000)]
  0x000002876fd26000 JavaThread "http-nio-8083-exec-9" daemon [_thread_blocked, id=28176, stack(0x000000a0eff00000,0x000000a0f0000000)]
=>0x000002876fd2a000 JavaThread "http-nio-8083-exec-8" daemon [_thread_in_native, id=25016, stack(0x000000a0efe00000,0x000000a0eff00000)]
  0x000002876f8f8800 JavaThread "http-nio-8083-exec-7" daemon [_thread_blocked, id=35428, stack(0x000000a0efd00000,0x000000a0efe00000)]
  0x000002876f8f7000 JavaThread "http-nio-8083-exec-6" daemon [_thread_blocked, id=16668, stack(0x000000a0efc00000,0x000000a0efd00000)]
  0x000002876f8f6800 JavaThread "http-nio-8083-exec-5" daemon [_thread_blocked, id=3724, stack(0x000000a0efb00000,0x000000a0efc00000)]
  0x000002876f8fa000 JavaThread "http-nio-8083-exec-4" daemon [_thread_blocked, id=2104, stack(0x000000a0efa00000,0x000000a0efb00000)]
  0x000002876f8fd000 JavaThread "http-nio-8083-exec-3" daemon [_thread_blocked, id=17620, stack(0x000000a0ef900000,0x000000a0efa00000)]
  0x000002876f8fb800 JavaThread "http-nio-8083-exec-2" daemon [_thread_blocked, id=20332, stack(0x000000a0ef800000,0x000000a0ef900000)]
  0x000002876f8fb000 JavaThread "http-nio-8083-exec-1" daemon [_thread_blocked, id=23496, stack(0x000000a0ef700000,0x000000a0ef800000)]
  0x000002876f8f9800 JavaThread "http-nio-8083-BlockPoller" daemon [_thread_in_native, id=22012, stack(0x000000a0ef600000,0x000000a0ef700000)]
  0x000002876f8f8000 JavaThread "File Watcher" daemon [_thread_blocked, id=26064, stack(0x000000a0ef400000,0x000000a0ef500000)]
  0x000002876f8fc800 JavaThread "Live Reload Server" daemon [_thread_in_native, id=9236, stack(0x000000a0ef500000,0x000000a0ef600000)]
  0x000002876f77a800 JavaThread "cluster-rtt-ClusterId{value='6291e3757c30a34076c78c53', description='null'}-localhost:27017" daemon [_thread_blocked, id=35568, stack(0x000000a0ef200000,0x000000a0ef300000)]
  0x000002876f775800 JavaThread "cluster-ClusterId{value='6291e3757c30a34076c78c53', description='null'}-localhost:27017" daemon [_thread_blocked, id=33952, stack(0x000000a0ef100000,0x000000a0ef200000)]
  0x000002876f767000 JavaThread "container-0" [_thread_blocked, id=21464, stack(0x000000a0ef000000,0x000000a0ef100000)]
  0x000002876f766800 JavaThread "Catalina-utility-2" [_thread_blocked, id=8816, stack(0x000000a0eef00000,0x000000a0ef000000)]
  0x000002876f765800 JavaThread "Catalina-utility-1" [_thread_blocked, id=23924, stack(0x000000a0eed00000,0x000000a0eee00000)]
  0x000002876d66c000 JavaThread "RMI Scheduler(0)" daemon [_thread_blocked, id=16628, stack(0x000000a0eee00000,0x000000a0eef00000)]
  0x000002876cda5800 JavaThread "RMI TCP Accept-0" daemon [_thread_in_native, id=18184, stack(0x000000a0ee800000,0x000000a0ee900000)]
  0x000002876cb24800 JavaThread "Service Thread" daemon [_thread_blocked, id=26888, stack(0x000000a0ee700000,0x000000a0ee800000)]
  0x000002876cb19800 JavaThread "C1 CompilerThread3" daemon [_thread_blocked, id=8412, stack(0x000000a0ee600000,0x000000a0ee700000)]
  0x000002876cb14800 JavaThread "C2 CompilerThread2" daemon [_thread_blocked, id=11972, stack(0x000000a0ee500000,0x000000a0ee600000)]
  0x000002876cabb000 JavaThread "C2 CompilerThread1" daemon [_thread_blocked, id=28536, stack(0x000000a0ee400000,0x000000a0ee500000)]
  0x000002876cab6000 JavaThread "C2 CompilerThread0" daemon [_thread_blocked, id=31780, stack(0x000000a0ee300000,0x000000a0ee400000)]
  0x000002876cab4800 JavaThread "Monitor Ctrl-Break" daemon [_thread_in_native, id=27168, stack(0x000000a0ee200000,0x000000a0ee300000)]
  0x000002876a7e2800 JavaThread "Attach Listener" daemon [_thread_blocked, id=18840, stack(0x000000a0ee100000,0x000000a0ee200000)]
  0x000002876a7cb800 JavaThread "Signal Dispatcher" daemon [_thread_blocked, id=848, stack(0x000000a0ee000000,0x000000a0ee100000)]
  0x000002876a7b8800 JavaThread "Finalizer" daemon [_thread_blocked, id=20544, stack(0x000000a0edf00000,0x000000a0ee000000)]
  0x0000028751f37800 JavaThread "Reference Handler" daemon [_thread_blocked, id=21664, stack(0x000000a0ede00000,0x000000a0edf00000)]

Other Threads:
  0x000002876a792800 VMThread [stack: 0x000000a0edd00000,0x000000a0ede00000] [id=15708]
  0x000002876cdb7800 WatcherThread [stack: 0x000000a0ee900000,0x000000a0eea00000] [id=3812]

VM state:not at safepoint (normal execution)

VM Mutex/Monitor currently owned by a thread: None

heap address: 0x0000000701200000, size: 3054 MB, Compressed Oops mode: Zero based, Oop shift amount: 3
Narrow klass base: 0x0000000000000000, Narrow klass shift: 3
Compressed class space size: 1073741824 Address: 0x00000007c0000000

Heap:
 PSYoungGen      total 274944K, used 202168K [0x0000000780600000, 0x0000000794080000, 0x00000007c0000000)
  eden space 261120K, 72% used [0x0000000780600000,0x000000078bdeea58,0x0000000790500000)
  from space 13824K, 99% used [0x0000000793300000,0x000000079407f790,0x0000000794080000)
  to   space 15872K, 0% used [0x0000000792180000,0x0000000792180000,0x0000000793100000)
 ParOldGen       total 103424K, used 16469K [0x0000000701200000, 0x0000000707700000, 0x0000000780600000)
  object space 103424K, 15% used [0x0000000701200000,0x00000007022157d0,0x0000000707700000)
 Metaspace       used 54793K, capacity 57998K, committed 58240K, reserved 1099776K
  class space    used 7201K, capacity 7745K, committed 7808K, reserved 1048576K

Card table byte_map: [0x0000028762b80000,0x0000028763180000] byte_map_base: 0x000002875f377000

Marking Bits: (ParMarkBitMap*) 0x000000006a507fe0
 Begin Bits: [0x0000028763580000, 0x0000028766538000)
 End Bits:   [0x0000028766538000, 0x00000287694f0000)

Polling page: 0x0000028753790000

CodeCache: size=245760Kb used=10788Kb max_used=10794Kb free=234971Kb
 bounds [0x00000287537c0000, 0x0000028754260000, 0x00000287627c0000]
 total_blobs=6356 nmethods=5600 adapters=668
 compilation: enabled

Compilation events (10 events):
Event: 380.614 Thread 0x000002876cb19800 5715       1       org.opengis.util.CodeList::equals (40 bytes)
Event: 380.614 Thread 0x000002876cb19800 nmethod 5715 0x0000028753991450 code [0x00000287539915c0, 0x00000287539917b0]
Event: 380.615 Thread 0x000002876cb19800 5714       1       java.nio.DirectByteBuffer::address (5 bytes)
Event: 380.615 Thread 0x000002876cb19800 nmethod 5714 0x0000028753991190 code [0x00000287539912e0, 0x00000287539913f8]
Event: 380.615 Thread 0x000002876cb19800 5716       1       java.util.stream.StreamSpliterators$WrappingSpliterator$$Lambda$80/355127427::accept (9 bytes)
Event: 380.615 Thread 0x000002876cb19800 nmethod 5716 0x0000028753990e10 code [0x0000028753990f60, 0x00000287539910b0]
Event: 380.615 Thread 0x000002876cb19800 5717       1       java.util.stream.SpinedBuffer::accept (94 bytes)
Event: 380.616 Thread 0x000002876cb19800 nmethod 5717 0x00000287538e33d0 code [0x00000287538e3560, 0x00000287538e3870]
Event: 380.616 Thread 0x000002876cb19800 5718       1       java.util.stream.SpinedBuffer::get (123 bytes)
Event: 380.616 Thread 0x000002876cb19800 nmethod 5718 0x00000287538e28d0 code [0x00000287538e2aa0, 0x00000287538e2f60]

GC Heap History (10 events):
Event: 3.659 GC heap before
{Heap before GC invocations=6 (full 1):
 PSYoungGen      total 106496K, used 98304K [0x0000000780600000, 0x0000000787600000, 0x00000007c0000000)
  eden space 98304K, 100% used [0x0000000780600000,0x0000000786600000,0x0000000786600000)
  from space 8192K, 0% used [0x0000000786e00000,0x0000000786e00000,0x0000000787600000)
  to   space 8192K, 0% used [0x0000000786600000,0x0000000786600000,0x0000000786e00000)
 ParOldGen       total 78336K, used 9421K [0x0000000701200000, 0x0000000705e80000, 0x0000000780600000)
  object space 78336K, 12% used [0x0000000701200000,0x0000000701b336d8,0x0000000705e80000)
 Metaspace       used 25912K, capacity 27646K, committed 27776K, reserved 1073152K
  class space    used 3514K, capacity 3861K, committed 3968K, reserved 1048576K
Event: 3.668 GC heap after
Heap after GC invocations=6 (full 1):
 PSYoungGen      total 106496K, used 8171K [0x0000000780600000, 0x000000078bb00000, 0x00000007c0000000)
  eden space 98304K, 0% used [0x0000000780600000,0x0000000780600000,0x0000000786600000)
  from space 8192K, 99% used [0x0000000786600000,0x0000000786dfadd0,0x0000000786e00000)
  to   space 12288K, 0% used [0x000000078af00000,0x000000078af00000,0x000000078bb00000)
 ParOldGen       total 78336K, used 11113K [0x0000000701200000, 0x0000000705e80000, 0x0000000780600000)
  object space 78336K, 14% used [0x0000000701200000,0x0000000701cda618,0x0000000705e80000)
 Metaspace       used 25912K, capacity 27646K, committed 27776K, reserved 1073152K
  class space    used 3514K, capacity 3861K, committed 3968K, reserved 1048576K
}
Event: 4.449 GC heap before
{Heap before GC invocations=7 (full 1):
 PSYoungGen      total 106496K, used 106475K [0x0000000780600000, 0x000000078bb00000, 0x00000007c0000000)
  eden space 98304K, 100% used [0x0000000780600000,0x0000000786600000,0x0000000786600000)
  from space 8192K, 99% used [0x0000000786600000,0x0000000786dfadd0,0x0000000786e00000)
  to   space 12288K, 0% used [0x000000078af00000,0x000000078af00000,0x000000078bb00000)
 ParOldGen       total 78336K, used 11113K [0x0000000701200000, 0x0000000705e80000, 0x0000000780600000)
  object space 78336K, 14% used [0x0000000701200000,0x0000000701cda618,0x0000000705e80000)
 Metaspace       used 33018K, capacity 35284K, committed 35456K, reserved 1079296K
  class space    used 4516K, capacity 4947K, committed 4992K, reserved 1048576K
Event: 4.460 GC heap after
Heap after GC invocations=7 (full 1):
 PSYoungGen      total 171520K, used 12262K [0x0000000780600000, 0x000000078bd00000, 0x00000007c0000000)
  eden space 159232K, 0% used [0x0000000780600000,0x0000000780600000,0x000000078a180000)
  from space 12288K, 99% used [0x000000078af00000,0x000000078baf99b8,0x000000078bb00000)
  to   space 13824K, 0% used [0x000000078a180000,0x000000078a180000,0x000000078af00000)
 ParOldGen       total 78336K, used 12088K [0x0000000701200000, 0x0000000705e80000, 0x0000000780600000)
  object space 78336K, 15% used [0x0000000701200000,0x0000000701dce068,0x0000000705e80000)
 Metaspace       used 33018K, capacity 35284K, committed 35456K, reserved 1079296K
  class space    used 4516K, capacity 4947K, committed 4992K, reserved 1048576K
}
Event: 4.487 GC heap before
{Heap before GC invocations=8 (full 1):
 PSYoungGen      total 171520K, used 18351K [0x0000000780600000, 0x000000078bd00000, 0x00000007c0000000)
  eden space 159232K, 3% used [0x0000000780600000,0x0000000780bf2628,0x000000078a180000)
  from space 12288K, 99% used [0x000000078af00000,0x000000078baf99b8,0x000000078bb00000)
  to   space 13824K, 0% used [0x000000078a180000,0x000000078a180000,0x000000078af00000)
 ParOldGen       total 78336K, used 12088K [0x0000000701200000, 0x0000000705e80000, 0x0000000780600000)
  object space 78336K, 15% used [0x0000000701200000,0x0000000701dce068,0x0000000705e80000)
 Metaspace       used 33142K, capacity 35354K, committed 35456K, reserved 1079296K
  class space    used 4532K, capacity 4948K, committed 4992K, reserved 1048576K
Event: 4.493 GC heap after
Heap after GC invocations=8 (full 1):
 PSYoungGen      total 173056K, used 8073K [0x0000000780600000, 0x0000000794080000, 0x00000007c0000000)
  eden space 159232K, 0% used [0x0000000780600000,0x0000000780600000,0x000000078a180000)
  from space 13824K, 58% used [0x000000078a180000,0x000000078a9627a8,0x000000078af00000)
  to   space 13824K, 0% used [0x0000000793300000,0x0000000793300000,0x0000000794080000)
 ParOldGen       total 78336K, used 12096K [0x0000000701200000, 0x0000000705e80000, 0x0000000780600000)
  object space 78336K, 15% used [0x0000000701200000,0x0000000701dd0068,0x0000000705e80000)
 Metaspace       used 33142K, capacity 35354K, committed 35456K, reserved 1079296K
  class space    used 4532K, capacity 4948K, committed 4992K, reserved 1048576K
}
Event: 4.493 GC heap before
{Heap before GC invocations=9 (full 2):
 PSYoungGen      total 173056K, used 8073K [0x0000000780600000, 0x0000000794080000, 0x00000007c0000000)
  eden space 159232K, 0% used [0x0000000780600000,0x0000000780600000,0x000000078a180000)
  from space 13824K, 58% used [0x000000078a180000,0x000000078a9627a8,0x000000078af00000)
  to   space 13824K, 0% used [0x0000000793300000,0x0000000793300000,0x0000000794080000)
 ParOldGen       total 78336K, used 12096K [0x0000000701200000, 0x0000000705e80000, 0x0000000780600000)
  object space 78336K, 15% used [0x0000000701200000,0x0000000701dd0068,0x0000000705e80000)
 Metaspace       used 33142K, capacity 35354K, committed 35456K, reserved 1079296K
  class space    used 4532K, capacity 4948K, committed 4992K, reserved 1048576K
Event: 4.558 GC heap after
Heap after GC invocations=9 (full 2):
 PSYoungGen      total 173056K, used 0K [0x0000000780600000, 0x0000000794080000, 0x00000007c0000000)
  eden space 159232K, 0% used [0x0000000780600000,0x0000000780600000,0x000000078a180000)
  from space 13824K, 0% used [0x000000078a180000,0x000000078a180000,0x000000078af00000)
  to   space 13824K, 0% used [0x0000000793300000,0x0000000793300000,0x0000000794080000)
 ParOldGen       total 103424K, used 14497K [0x0000000701200000, 0x0000000707700000, 0x0000000780600000)
  object space 103424K, 14% used [0x0000000701200000,0x00000007020286a0,0x0000000707700000)
 Metaspace       used 33141K, capacity 35352K, committed 35456K, reserved 1079296K
  class space    used 4531K, capacity 4947K, committed 4992K, reserved 1048576K
}
Event: 63.067 GC heap before
{Heap before GC invocations=10 (full 2):
 PSYoungGen      total 173056K, used 159232K [0x0000000780600000, 0x0000000794080000, 0x00000007c0000000)
  eden space 159232K, 100% used [0x0000000780600000,0x000000078a180000,0x000000078a180000)
  from space 13824K, 0% used [0x000000078a180000,0x000000078a180000,0x000000078af00000)
  to   space 13824K, 0% used [0x0000000793300000,0x0000000793300000,0x0000000794080000)
 ParOldGen       total 103424K, used 14497K [0x0000000701200000, 0x0000000707700000, 0x0000000780600000)
  object space 103424K, 14% used [0x0000000701200000,0x00000007020286a0,0x0000000707700000)
 Metaspace       used 45286K, capacity 48244K, committed 48384K, reserved 1091584K
  class space    used 6136K, capacity 6632K, committed 6656K, reserved 1048576K
Event: 63.080 GC heap after
Heap after GC invocations=10 (full 2):
 PSYoungGen      total 274944K, used 13821K [0x0000000780600000, 0x0000000794080000, 0x00000007c0000000)
  eden space 261120K, 0% used [0x0000000780600000,0x0000000780600000,0x0000000790500000)
  from space 13824K, 99% used [0x0000000793300000,0x000000079407f790,0x0000000794080000)
  to   space 15872K, 0% used [0x0000000792180000,0x0000000792180000,0x0000000793100000)
 ParOldGen       total 103424K, used 16469K [0x0000000701200000, 0x0000000707700000, 0x0000000780600000)
  object space 103424K, 15% used [0x0000000701200000,0x00000007022157d0,0x0000000707700000)
 Metaspace       used 45286K, capacity 48244K, committed 48384K, reserved 1091584K
  class space    used 6136K, capacity 6632K, committed 6656K, reserved 1048576K
}

Deoptimization events (0 events):
No events

Classes redefined (0 events):
No events

Internal exceptions (10 events):
Event: 59.632 Thread 0x000002876f8fb800 Exception <a 'java/lang/ArrayIndexOutOfBoundsException'> (0x0000000787cf8a90) thrown at [C:\jenkins\workspace\8-2-build-windows-amd64-cygwin\jdk8u301\1513\hotspot\src\share\vm\runtime\sharedRuntime.cpp, line 609]
Event: 59.642 Thread 0x000002876f8fb800 Exception <a 'java/lang/ArrayIndexOutOfBoundsException'> (0x0000000787dc7fa0) thrown at [C:\jenkins\workspace\8-2-build-windows-amd64-cygwin\jdk8u301\1513\hotspot\src\share\vm\runtime\sharedRuntime.cpp, line 609]
Event: 59.668 Thread 0x000002876f8fb800 Exception <a 'java/lang/ArrayIndexOutOfBoundsException'> (0x000000078803a288) thrown at [C:\jenkins\workspace\8-2-build-windows-amd64-cygwin\jdk8u301\1513\hotspot\src\share\vm\runtime\sharedRuntime.cpp, line 609]
Event: 59.671 Thread 0x000002876f8fb800 Exception <a 'java/lang/ArrayIndexOutOfBoundsException'> (0x0000000788078ba0) thrown at [C:\jenkins\workspace\8-2-build-windows-amd64-cygwin\jdk8u301\1513\hotspot\src\share\vm\runtime\sharedRuntime.cpp, line 609]
Event: 59.677 Thread 0x000002876f8fb800 Exception <a 'java/lang/ArrayIndexOutOfBoundsException'> (0x0000000788115e00) thrown at [C:\jenkins\workspace\8-2-build-windows-amd64-cygwin\jdk8u301\1513\hotspot\src\share\vm\runtime\sharedRuntime.cpp, line 609]
Event: 62.887 Thread 0x000002876f8fd000 Exception <a 'java/io/FileNotFoundException'> (0x00000007884a39c8) thrown at [C:\jenkins\workspace\8-2-build-windows-amd64-cygwin\jdk8u301\1513\hotspot\src\share\vm\prims\jni.cpp, line 710]
Event: 63.218 Thread 0x000002876f8fd000 Exception <a 'java/io/FileNotFoundException'> (0x00000007821b3870) thrown at [C:\jenkins\workspace\8-2-build-windows-amd64-cygwin\jdk8u301\1513\hotspot\src\share\vm\prims\jni.cpp, line 710]
Event: 63.809 Thread 0x000002876f8fd000 Exception <a 'java/io/FileNotFoundException'> (0x0000000787f462d0) thrown at [C:\jenkins\workspace\8-2-build-windows-amd64-cygwin\jdk8u301\1513\hotspot\src\share\vm\prims\jni.cpp, line 710]
Event: 92.322 Thread 0x000002876f8f6800 Exception <a 'java/io/FileNotFoundException'> (0x00000007892c3dd0) thrown at [C:\jenkins\workspace\8-2-build-windows-amd64-cygwin\jdk8u301\1513\hotspot\src\share\vm\prims\jni.cpp, line 710]
Event: 380.494 Thread 0x000002876fd2a000 Exception <a 'java/io/FileNotFoundException'> (0x000000078bc71268) thrown at [C:\jenkins\workspace\8-2-build-windows-amd64-cygwin\jdk8u301\1513\hotspot\src\share\vm\prims\jni.cpp, line 710]

Events (10 events):
Event: 380.611 Executing VM operation: RevokeBias
Event: 380.611 Executing VM operation: RevokeBias done
Event: 380.611 Executing VM operation: RevokeBias
Event: 380.611 Executing VM operation: RevokeBias done
Event: 380.611 Executing VM operation: RevokeBias
Event: 380.611 Executing VM operation: RevokeBias done
Event: 380.612 Thread 0x000002876cb19800 flushing nmethod 0x00000287538e2590
Event: 380.614 Thread 0x000002876cb19800 flushing nmethod 0x0000028753990e10
Event: 380.614 Thread 0x000002876cb19800 flushing nmethod 0x0000028753a4c790
Event: 380.615 Thread 0x000002876cb19800 flushing nmethod 0x0000028753b37250


Dynamic libraries:
0x00007ff60f8f0000 - 0x00007ff60f937000 	G:\Program Files (x86)\Java\jdk1.8.0_301\bin\java.exe
0x00007ff804c50000 - 0x00007ff804e45000 	C:\WINDOWS\SYSTEM32\ntdll.dll
0x00007ff803a80000 - 0x00007ff803b3e000 	C:\WINDOWS\System32\KERNEL32.DLL
0x00007ff8028a0000 - 0x00007ff802b68000 	C:\WINDOWS\System32\KERNELBASE.dll
0x00007ff804810000 - 0x00007ff8048be000 	C:\WINDOWS\System32\ADVAPI32.dll
0x00007ff802dd0000 - 0x00007ff802e6e000 	C:\WINDOWS\System32\msvcrt.dll
0x00007ff804b70000 - 0x00007ff804c0c000 	C:\WINDOWS\System32\sechost.dll
0x00007ff802e70000 - 0x00007ff802f95000 	C:\WINDOWS\System32\RPCRT4.dll
0x00007ff8038e0000 - 0x00007ff803a80000 	C:\WINDOWS\System32\USER32.dll
0x00007ff802c80000 - 0x00007ff802ca2000 	C:\WINDOWS\System32\win32u.dll
0x00007ff803b40000 - 0x00007ff803b6b000 	C:\WINDOWS\System32\GDI32.dll
0x00007ff802b70000 - 0x00007ff802c7b000 	C:\WINDOWS\System32\gdi32full.dll
0x00007ff802370000 - 0x00007ff80240d000 	C:\WINDOWS\System32\msvcp_win.dll
0x00007ff802530000 - 0x00007ff802630000 	C:\WINDOWS\System32\ucrtbase.dll
0x00007ffff7fe0000 - 0x00007ffff827a000 	C:\WINDOWS\WinSxS\amd64_microsoft.windows.common-controls_6595b64144ccf1df_6.0.19041.1110_none_60b5254171f9507e\COMCTL32.dll
0x00007ff802d90000 - 0x00007ff802dc0000 	C:\WINDOWS\System32\IMM32.DLL
0x00007ffffb700000 - 0x00007ffffb715000 	G:\Program Files (x86)\Java\jdk1.8.0_301\jre\bin\vcruntime140.dll
0x00007fffdbb90000 - 0x00007fffdbc2b000 	G:\Program Files (x86)\Java\jdk1.8.0_301\jre\bin\msvcp140.dll
0x0000000069d20000 - 0x000000006a580000 	G:\Program Files (x86)\Java\jdk1.8.0_301\jre\bin\server\jvm.dll
0x00007ff802dc0000 - 0x00007ff802dc8000 	C:\WINDOWS\System32\PSAPI.DLL
0x00007ffffe460000 - 0x00007ffffe469000 	C:\WINDOWS\SYSTEM32\WSOCK32.dll
0x00007ffff6410000 - 0x00007ffff6437000 	C:\WINDOWS\SYSTEM32\WINMM.dll
0x00007ffffd3e0000 - 0x00007ffffd3ea000 	C:\WINDOWS\SYSTEM32\VERSION.dll
0x00007ff803c50000 - 0x00007ff803cbb000 	C:\WINDOWS\System32\WS2_32.dll
0x00007ff8002a0000 - 0x00007ff8002b2000 	C:\WINDOWS\SYSTEM32\kernel.appcore.dll
0x00007ffffbda0000 - 0x00007ffffbdb0000 	G:\Program Files (x86)\Java\jdk1.8.0_301\jre\bin\verify.dll
0x00007ffff4b40000 - 0x00007ffff4b6b000 	G:\Program Files (x86)\Java\jdk1.8.0_301\jre\bin\java.dll
0x00007fffea130000 - 0x00007fffea160000 	G:\Program Files (x86)\Java\jdk1.8.0_301\jre\bin\instrument.dll
0x00007ffff7700000 - 0x00007ffff7718000 	G:\Program Files (x86)\Java\jdk1.8.0_301\jre\bin\zip.dll
0x00007ff803190000 - 0x00007ff8038d4000 	C:\WINDOWS\System32\SHELL32.dll
0x00007ff8004a0000 - 0x00007ff800c34000 	C:\WINDOWS\SYSTEM32\windows.storage.dll
0x00007ff804040000 - 0x00007ff804394000 	C:\WINDOWS\System32\combase.dll
0x00007ff801d00000 - 0x00007ff801d2c000 	C:\WINDOWS\SYSTEM32\Wldp.dll
0x00007ff8030e0000 - 0x00007ff80318d000 	C:\WINDOWS\System32\SHCORE.dll
0x00007ff8048c0000 - 0x00007ff804915000 	C:\WINDOWS\System32\shlwapi.dll
0x00007ff8022b0000 - 0x00007ff8022cf000 	C:\WINDOWS\SYSTEM32\profapi.dll
0x00007ffff0c60000 - 0x00007ffff0c7a000 	G:\Program Files (x86)\IntelliJ IDEA\bin\breakgen64.dll
0x00007fffecfc0000 - 0x00007fffecfdc000 	G:\Program Files (x86)\Java\jdk1.8.0_301\jre\bin\net.dll
0x00007ff801a60000 - 0x00007ff801aca000 	C:\WINDOWS\system32\mswsock.dll
0x00007ff801790000 - 0x00007ff80185a000 	C:\WINDOWS\SYSTEM32\DNSAPI.dll
0x00007ff801750000 - 0x00007ff80178b000 	C:\WINDOWS\SYSTEM32\IPHLPAPI.DLL
0x00007ff8030d0000 - 0x00007ff8030d8000 	C:\WINDOWS\System32\NSI.dll
0x00007ffffbe90000 - 0x00007ffffbe9a000 	C:\Windows\System32\rasadhlp.dll
0x00007ffffb0f0000 - 0x00007ffffb16f000 	C:\WINDOWS\System32\fwpuclnt.dll
0x00007ff802870000 - 0x00007ff802897000 	C:\WINDOWS\System32\bcrypt.dll
0x00007ffffcd10000 - 0x00007ffffcd1d000 	G:\Program Files (x86)\Java\jdk1.8.0_301\jre\bin\management.dll
0x00007fffec6d0000 - 0x00007fffec6e3000 	G:\Program Files (x86)\Java\jdk1.8.0_301\jre\bin\nio.dll
0x00007ff801c50000 - 0x00007ff801c68000 	C:\WINDOWS\SYSTEM32\CRYPTSP.dll
0x00007ff8013e0000 - 0x00007ff801414000 	C:\WINDOWS\system32\rsaenh.dll
0x00007ff802220000 - 0x00007ff80224e000 	C:\WINDOWS\SYSTEM32\USERENV.dll
0x00007ff802630000 - 0x00007ff8026b2000 	C:\WINDOWS\System32\bcryptprimitives.dll
0x00007ff801c70000 - 0x00007ff801c7c000 	C:\WINDOWS\SYSTEM32\CRYPTBASE.dll
0x00007ffffd4b0000 - 0x00007ffffd4c7000 	C:\WINDOWS\SYSTEM32\dhcpcsvc6.DLL
0x00007ffffd490000 - 0x00007ffffd4ad000 	C:\WINDOWS\SYSTEM32\dhcpcsvc.DLL
0x00007ffff63f0000 - 0x00007ffff6407000 	C:\WINDOWS\system32\napinsp.dll
0x00007ffff6350000 - 0x00007ffff636b000 	C:\WINDOWS\system32\pnrpnsp.dll
0x00007ffffd540000 - 0x00007ffffd55d000 	C:\WINDOWS\system32\NLAapi.dll
0x00007ffff62b0000 - 0x00007ffff62c5000 	C:\WINDOWS\system32\wshbth.dll
0x00007ffff5fe0000 - 0x00007ffff5ff2000 	C:\WINDOWS\System32\winrnr.dll
0x0000000180000000 - 0x0000000180286000 	G:\Program Files (x86)\apache-tomcat-9.0.59\bin\tcnative-1.dll
0x00007ff8026c0000 - 0x00007ff802816000 	C:\WINDOWS\System32\CRYPT32.dll
0x00007fffdab50000 - 0x00007fffdace5000 	G:\Program Files (x86)\Java\jdk1.8.0_301\jre\bin\awt.dll
0x00007ff804920000 - 0x00007ff8049ed000 	C:\WINDOWS\System32\OLEAUT32.dll
0x00007fffffb40000 - 0x00007fffffbd0000 	C:\WINDOWS\SYSTEM32\apphelp.dll
0x00007ff8010b0000 - 0x00007ff8010e3000 	C:\WINDOWS\SYSTEM32\ntmarta.dll
0x00007fffdca90000 - 0x00007fffdcb22000 	G:\ProgramFiles(x86)\GDAL-2.4.0\bin\gdal\java\gdalalljni.dll
0x00007fffb37f0000 - 0x00007fffb4c47000 	G:\ProgramFiles(x86)\GDAL-2.4.0\bin\gdal204.dll
0x00007fffebc60000 - 0x00007fffebc8b000 	G:\ProgramFiles(x86)\GDAL-2.4.0\bin\LIBPQ.dll
0x00007fffc7130000 - 0x00007fffc7416000 	G:\ProgramFiles(x86)\GDAL-2.4.0\bin\xerces-c_3_2.dll
0x00007fffead60000 - 0x00007fffead87000 	G:\ProgramFiles(x86)\GDAL-2.4.0\bin\expat.dll
0x00007fffe3780000 - 0x00007fffe37d5000 	G:\ProgramFiles(x86)\GDAL-2.4.0\bin\libcurl.dll
0x00007fffe74b0000 - 0x00007fffe74fd000 	G:\ProgramFiles(x86)\GDAL-2.4.0\bin\geos_c.dll
0x00007fffda510000 - 0x00007fffda5c9000 	C:\WINDOWS\SYSTEM32\ODBC32.dll
0x00007fffe33f0000 - 0x00007fffe343c000 	G:\ProgramFiles(x86)\GDAL-2.4.0\bin\openjp2.dll
0x00007ffff6ff0000 - 0x00007ffff6ffc000 	C:\WINDOWS\SYSTEM32\Secur32.dll
0x00007fffec600000 - 0x00007fffec617000 	G:\ProgramFiles(x86)\GDAL-2.4.0\bin\zlib1.dll
0x00007fffe3280000 - 0x00007fffe32d9000 	G:\ProgramFiles(x86)\GDAL-2.4.0\bin\SSLEAY32.dll
0x00007fffd8220000 - 0x00007fffd83aa000 	G:\ProgramFiles(x86)\GDAL-2.4.0\bin\LIBEAY32.dll
0x00007ff8020a0000 - 0x00007ff8020aa000 	C:\WINDOWS\SYSTEM32\DPAPI.DLL
0x00007ff8021c0000 - 0x00007ff8021f2000 	C:\WINDOWS\SYSTEM32\SSPICLI.DLL
0x00007fffda420000 - 0x00007fffda50c000 	G:\ProgramFiles(x86)\GDAL-2.4.0\bin\sqlite3.dll
0x00007fffbead0000 - 0x00007fffbef32000 	G:\ProgramFiles(x86)\GDAL-2.4.0\bin\libmysql.dll
0x00007fffb0820000 - 0x00007fffb133a000 	G:\ProgramFiles(x86)\GDAL-2.4.0\bin\spatialite.dll
0x00007fffde740000 - 0x00007fffde7a0000 	G:\ProgramFiles(x86)\GDAL-2.4.0\bin\proj.dll
0x00007fffebc40000 - 0x00007fffebc58000 	G:\ProgramFiles(x86)\GDAL-2.4.0\bin\freexl.dll
0x00007fffd0990000 - 0x00007fffd0adc000 	G:\ProgramFiles(x86)\GDAL-2.4.0\bin\libxml2.dll
0x00007fffce010000 - 0x00007fffce164000 	G:\ProgramFiles(x86)\GDAL-2.4.0\bin\geos.dll
0x00007fffd8610000 - 0x00007fffd86f5000 	G:\ProgramFiles(x86)\GDAL-2.4.0\bin\iconv.dll
0x00007ffffa530000 - 0x00007ffffa714000 	C:\WINDOWS\SYSTEM32\dbghelp.dll

VM Arguments:
jvm_args: -XX:TieredStopAtLevel=1 -Xverify:none -Dspring.output.ansi.enabled=always -Dcom.sun.management.jmxremote -Dspring.jmx.enabled=true -Dspring.liveBeansView.mbeanDomain -Dspring.application.admin.enabled=true -javaagent:G:\Program Files (x86)\IntelliJ IDEA\lib\idea_rt.jar=50198:G:\Program Files (x86)\IntelliJ IDEA\bin -Dfile.encoding=UTF-8 
java_command: nnu.ogms.basins.BasinsApplication
java_class_path (initial): G:\Program Files (x86)\Java\jdk1.8.0_301\jre\lib\charsets.jar;G:\Program Files (x86)\Java\jdk1.8.0_301\jre\lib\deploy.jar;G:\Program Files (x86)\Java\jdk1.8.0_301\jre\lib\ext\access-bridge-64.jar;G:\Program Files (x86)\Java\jdk1.8.0_301\jre\lib\ext\cldrdata.jar;G:\Program Files (x86)\Java\jdk1.8.0_301\jre\lib\ext\dnsns.jar;G:\Program Files (x86)\Java\jdk1.8.0_301\jre\lib\ext\jaccess.jar;G:\Program Files (x86)\Java\jdk1.8.0_301\jre\lib\ext\jfxrt.jar;G:\Program Files (x86)\Java\jdk1.8.0_301\jre\lib\ext\localedata.jar;G:\Program Files (x86)\Java\jdk1.8.0_301\jre\lib\ext\nashorn.jar;G:\Program Files (x86)\Java\jdk1.8.0_301\jre\lib\ext\sunec.jar;G:\Program Files (x86)\Java\jdk1.8.0_301\jre\lib\ext\sunjce_provider.jar;G:\Program Files (x86)\Java\jdk1.8.0_301\jre\lib\ext\sunmscapi.jar;G:\Program Files (x86)\Java\jdk1.8.0_301\jre\lib\ext\sunpkcs11.jar;G:\Program Files (x86)\Java\jdk1.8.0_301\jre\lib\ext\zipfs.jar;G:\Program Files (x86)\Java\jdk1.8.0_301\jre\lib\javaws.jar;G:\Program Files (x86)\Java\jdk1.8.0_301\jre\lib\jce.jar;G:\Program Files (x86)\Java\jdk1.8.0_301\jre\lib\jfr.jar;G:\Program Files (x86)\Java\jdk1.8.0_301\jre\lib\jfxswt.jar;G:\Program Files (x86)\Java\jdk1.8.0_301\jre\lib\jsse.jar;G:\Program Files (x86)\Java\jdk1.8.0_301\jre\lib\management-agent.jar;G:\Program Files (x86)\Java\jdk1.8.0_301\jre\lib\plugin.jar;G:\Program Files (x86)\Java\jdk1.8.0_301\jre\lib\resources.jar;G:\Program Files (x86)\Java\jdk1.8.0_301\jre\lib\rt.jar;D:\WEB\WebBasin\back\target\classes;G:\Program Files (x86)\Maven\maven_work\repository\org\springframework\boot\spring-boot-starter-web\2.4.2\spring-boot-starter-web-2.4.2.jar;G:\Program Files (x86)\Maven\maven_work\repository\org\springframework\boot\spring-boot-starter-json\2.4.2\spring-boot-starter-json-2.4.2.jar;G:\Program Files (x86)\Maven\maven_work\repository\com\fasterxml\jackson\core\jackson-databind\2.11.4\jackson-databind-2.11.4.jar;G:\Program Files (x86)\Maven\maven_work\repository\com\fasterxm
Launcher Type: SUN_STANDARD

Environment Variables:
JAVA_HOME=G:\Program Files (x86)\Java\jdk1.8.0_301
CLASSPATH=.;G:\Program Files (x86)\Java\jdk1.8.0_301/lib/dt.jar;G:\Program Files (x86)\Java\jdk1.8.0_301/lib/tools.jar;G:\Program Files (x86)\apache-tomcat-9.0.59\lib\servlet-api.jar
PATH=C:\Program Files\Microsoft MPI\Bin\;G:\ProgramFiles(x86)\GDAL-2.4.0;G:\ProgramFiles(x86)\GDAL-2.4.0\bin;G:\ProgramFiles(x86)\GDAL-2.4.0\bin\proj\apps;G:\ProgramFiles(x86)\GDAL-2.4.0\bin\gdal\apps;G:\ProgramFiles(x86)\GDAL-2.4.0\bin\ms\apps;G:\ProgramFiles(x86)\GDAL-2.4.0\bin\curl;;C:\GDAL;C:\Program Files\GDAL;G:\Program Files (x86)\TauDEM\TauDEM5Exe;G:\ProgramFiles(x86)\mongo-c-driver\bin;C:\ProgramData\Oracle\Java\javapath;C:\Program Files (x86)\Common Files\Oracle\Java\javapath;C:\ProgramData\Anaconda3\Library\bin;C:\ProgramData\Anaconda3\Scripts;C:\ProgramData\Anaconda3;C:\WINDOWS\system32;C:\WINDOWS;C:\WINDOWS\System32\Wbem;C:\WINDOWS\System32\WindowsPowerShell\v1.0\;C:\WINDOWS\System32\OpenSSH\;G:\Program Files (x86)\Xftp\;G:\Program Files (x86)\Xshell 7\;G:\Program Files (x86)\Java\jdk1.8.0_301\bin;G:\Program Files (x86)\Java\jdk1.8.0_301\jre\bin;G:\Program Files (x86)\nodejs\;G:\Program Files (x86)\cmake\bin;G:\Program Files (x86)\MySQL Server 5.5\bin;G:\Program Files (x86)\apache-tomcat-9.0.59\bin;G:\Program Files (x86)\Maven\apache-maven-3.3.9-bin\bin;G:\Program Files (x86)\WhiteBoxTool;G:\ProgramFiles(x86)\GDAL-2.4.0\bin\gdal\java;G:\ProgramFiles(x86)\GDAL-2.4.0\bin\gdal-data;;G:\Program Files (x86)\Python36\Scripts\;G:\Program Files (x86)\Python36\;C:\Users\Yuan\AppData\Local\Microsoft\WindowsApps;C:\Users\Yuan\AppData\Local\GitHubDesktop\bin;C:\Users\Yuan\AppData\Roaming\npm;G:\Program Files (x86)\IntelliJ IDEA Community Edition 2021.1.3\bin;
USERNAME=Yuan
OS=Windows_NT
PROCESSOR_IDENTIFIER=Intel64 Family 6 Model 60 Stepping 3, GenuineIntel



---------------  S Y S T E M  ---------------

OS: Windows 10.0 , 64 bit Build 19041 (10.0.19041.1566)

CPU:total 8 (initial active 8) (4 cores per cpu, 2 threads per core) family 6 model 60 stepping 3, cmov, cx8, fxsr, mmx, sse, sse2, sse3, ssse3, sse4.1, sse4.2, popcnt, avx, avx2, aes, clmul, erms, lzcnt, ht, tsc, tscinvbit, bmi1, bmi2

Memory: 4k page, physical 12504960k(1815384k free), swap 40386888k(11853088k free)

vm_info: Java HotSpot(TM) 64-Bit Server VM (25.301-b09) for windows-amd64 JRE (1.8.0_301-b09), built on Jun  9 2021 06:46:21 by "java_re" with MS VC++ 15.9 (VS2017)

time: Sat May 28 17:01:34 2022
timezone: 中国标准时间
elapsed time: 380.781994 seconds (0d 0h 6m 20s)

