#
# A fatal error has been detected by the Java Runtime Environment:
#
#  EXCEPTION_ACCESS_VIOLATION (0xc0000005) at pc=0x00007fffb3849ceb, pid=33504, tid=0x00000000000084d4
#
# JRE version: Java(TM) SE Runtime Environment (8.0_301-b09) (build 1.8.0_301-b09)
# Java VM: Java HotSpot(TM) 64-Bit Server VM (25.301-b09 mixed mode windows-amd64 compressed oops)
# Problematic frame:
# C  [gdal204.dll+0x59ceb]
#
# Failed to write core dump. Minidumps are not enabled by default on client versions of Windows
#
# If you would like to submit a bug report, please visit:
#   http://bugreport.java.com/bugreport/crash.jsp
# The crash happened outside the Java Virtual Machine in native code.
# See problematic frame for where to report the bug.
#

---------------  T H R E A D  ---------------

Current thread (0x000001b2abfd6800):  JavaThread "http-nio-8083-exec-8" daemon [_thread_in_native, id=34004, stack(0x00000024faa00000,0x00000024fab00000)]

siginfo: ExceptionCode=0xc0000005, reading address 0x0000000000000008

Registers:
RAX=0x0000000000000000, RBX=0x0000000000000001, RCX=0x000000000000000b, RDX=0x0000000000000000
RSP=0x00000024faafc9d0, RBP=0x0000000000000000, RSI=0x000001b2a9252250, RDI=0x000001b2ac91a5f0
R8 =0x00000024faafc980, R9 =0x000001b2ac91a708, R10=0x0000000000000000, R11=0xff7fffefffff7f7f
R12=0x0000000000000000, R13=0x000001b2af24a8c8, R14=0x000001b2abdb7b20, R15=0x000001b2abfd6800
RIP=0x00007fffb3849ceb, EFLAGS=0x0000000000010206

Top of Stack: (sp=0x00000024faafc9d0)
0x00000024faafc9d0:   000001b2abdc4d70 000001b2ac729900
0x00000024faafc9e0:   0000000000000000 000001b2ac91a5f0
0x00000024faafc9f0:   000001b20000009a 000001b200000000
0x00000024faafca00:   fffffffffffffffe 000001b2ac3c82d0
0x00000024faafca10:   00007fffb4494f60 000000000000009a
0x00000024faafca20:   000001b2ac91a5f0 00000000000000fe
0x00000024faafca30:   0000000000000001 00007fffb3847b8b
0x00000024faafca40:   0000000000000028 000001b2ac91a5f0
0x00000024faafca50:   000001b2abdb7b20 00007fffb383a6ba
0x00000024faafca60:   fffffffffffffffe 00000024faafcae8
0x00000024faafca70:   000001b2ac91a5f0 00007fffb3853a24
0x00000024faafca80:   000001b2ac828690 0000000000000001
0x00000024faafca90:   00000000000000fe 00007fffb3827e89
0x00000024faafcaa0:   000001b2ac3c8420 00007fffb3839283
0x00000024faafcab0:   000001b2ac828650 000001b2ac828650
0x00000024faafcac0:   00000000000000fe 00007fffb3827901 

Instructions: (pc=0x00007fffb3849ceb)
0x00007fffb3849ccb:   48 89 7c 24 78 8b 0d 8a 47 33 01 65 48 8b 04 25
0x00007fffb3849cdb:   58 00 00 00 be 10 00 00 00 48 03 34 c8 48 8b 06
0x00007fffb3849ceb:   48 8b 48 08 48 8b d8 80 79 19 00 75 18 48 39 79
0x00007fffb3849cfb:   20 73 06 48 8b 49 10 eb 06 48 8b d9 48 8b 09 80 


Register to memory mapping:

RAX=0x0000000000000000 is an unknown value
RBX=0x0000000000000001 is an unknown value
RCX=0x000000000000000b is an unknown value
RDX=0x0000000000000000 is an unknown value
RSP=0x00000024faafc9d0 is pointing into the stack for thread: 0x000001b2abfd6800
RBP=0x0000000000000000 is an unknown value
RSI=0x000001b2a9252250 is an unknown value
RDI=0x000001b2ac91a5f0 is an unknown value
R8 =0x00000024faafc980 is pointing into the stack for thread: 0x000001b2abfd6800
R9 =0x000001b2ac91a708 is an unknown value
R10=0x0000000000000000 is an unknown value
R11=0xff7fffefffff7f7f is an unknown value
R12=0x0000000000000000 is an unknown value
R13={method} {0x000001b2af24a8d0} 'GDALDestroyDriverManager' '()V' in 'org/gdal/gdal/gdalJNI'
R14=0x000001b2abdb7b20 is an unknown value
R15=0x000001b2abfd6800 is a thread


Stack: [0x00000024faa00000,0x00000024fab00000],  sp=0x00000024faafc9d0,  free space=1010k
Native frames: (J=compiled Java code, j=interpreted, Vv=VM code, C=native code)

Java frames: (J=compiled Java code, j=interpreted, Vv=VM code)
j  org.gdal.gdal.gdalJNI.GDALDestroyDriverManager()V+0
j  org.gdal.gdal.gdal.GDALDestroyDriverManager()V+0
j  nnu.ogms.basins.Utils.GDALUtil.clip(Ljava/lang/String;Ljava/lang/String;Ljava/lang/String;)V+301
j  nnu.ogms.basins.Service.PreprocessService.basinScopeShp(Ljava/lang/String;Ljava/lang/String;Ljava/lang/String;)Ljava/lang/Object;+91
j  nnu.ogms.basins.Controller.PreprocessController.transformGeoJson2Shp(Ljava/lang/String;)Ljava/lang/Object;+18
v  ~StubRoutines::call_stub
J 2194  sun.reflect.NativeMethodAccessorImpl.invoke0(Ljava/lang/reflect/Method;Ljava/lang/Object;[Ljava/lang/Object;)Ljava/lang/Object; (0 bytes) @ 0x000001b290169dff [0x000001b290169d80+0x7f]
J 2193 C1 sun.reflect.NativeMethodAccessorImpl.invoke(Ljava/lang/Object;[Ljava/lang/Object;)Ljava/lang/Object; (104 bytes) @ 0x000001b29016a5e4 [0x000001b29016a220+0x3c4]
J 2115 C1 sun.reflect.DelegatingMethodAccessorImpl.invoke(Ljava/lang/Object;[Ljava/lang/Object;)Ljava/lang/Object; (10 bytes) @ 0x000001b290150b24 [0x000001b290150ae0+0x44]
J 2114 C1 java.lang.reflect.Method.invoke(Ljava/lang/Object;[Ljava/lang/Object;)Ljava/lang/Object; (62 bytes) @ 0x000001b290150724 [0x000001b290150620+0x104]
j  org.springframework.web.method.support.InvocableHandlerMethod.doInvoke([Ljava/lang/Object;)Ljava/lang/Object;+32
j  org.springframework.web.method.support.InvocableHandlerMethod.invokeForRequest(Lorg/springframework/web/context/request/NativeWebRequest;Lorg/springframework/web/method/support/ModelAndViewContainer;[Ljava/lang/Object;)Ljava/lang/Object;+54
j  org.springframework.web.servlet.mvc.method.annotation.ServletInvocableHandlerMethod.invokeAndHandle(Lorg/springframework/web/context/request/ServletWebRequest;Lorg/springframework/web/method/support/ModelAndViewContainer;[Ljava/lang/Object;)V+4
j  org.springframework.web.servlet.mvc.method.annotation.RequestMappingHandlerAdapter.invokeHandlerMethod(Ljavax/servlet/http/HttpServletRequest;Ljavax/servlet/http/HttpServletResponse;Lorg/springframework/web/method/HandlerMethod;)Lorg/springframework/web/servlet/ModelAndView;+244
j  org.springframework.web.servlet.mvc.method.annotation.RequestMappingHandlerAdapter.handleInternal(Ljavax/servlet/http/HttpServletRequest;Ljavax/servlet/http/HttpServletResponse;Lorg/springframework/web/method/HandlerMethod;)Lorg/springframework/web/servlet/ModelAndView;+81
j  org.springframework.web.servlet.mvc.method.AbstractHandlerMethodAdapter.handle(Ljavax/servlet/http/HttpServletRequest;Ljavax/servlet/http/HttpServletResponse;Ljava/lang/Object;)Lorg/springframework/web/servlet/ModelAndView;+7
j  org.springframework.web.servlet.DispatcherServlet.doDispatch(Ljavax/servlet/http/HttpServletRequest;Ljavax/servlet/http/HttpServletResponse;)V+257
j  org.springframework.web.servlet.DispatcherServlet.doService(Ljavax/servlet/http/HttpServletRequest;Ljavax/servlet/http/HttpServletResponse;)V+241
j  org.springframework.web.servlet.FrameworkServlet.processRequest(Ljavax/servlet/http/HttpServletRequest;Ljavax/servlet/http/HttpServletResponse;)V+71
j  org.springframework.web.servlet.FrameworkServlet.doPost(Ljavax/servlet/http/HttpServletRequest;Ljavax/servlet/http/HttpServletResponse;)V+3
j  javax.servlet.http.HttpServlet.service(Ljavax/servlet/http/HttpServletRequest;Ljavax/servlet/http/HttpServletResponse;)V+149
j  org.springframework.web.servlet.FrameworkServlet.service(Ljavax/servlet/http/HttpServletRequest;Ljavax/servlet/http/HttpServletResponse;)V+33
j  javax.servlet.http.HttpServlet.service(Ljavax/servlet/ServletRequest;Ljavax/servlet/ServletResponse;)V+36
j  org.apache.catalina.core.ApplicationFilterChain.internalDoFilter(Ljavax/servlet/ServletRequest;Ljavax/servlet/ServletResponse;)V+304
j  org.apache.catalina.core.ApplicationFilterChain.doFilter(Ljavax/servlet/ServletRequest;Ljavax/servlet/ServletResponse;)V+101
j  org.apache.tomcat.websocket.server.WsFilter.doFilter(Ljavax/servlet/ServletRequest;Ljavax/servlet/ServletResponse;Ljavax/servlet/FilterChain;)V+21
j  org.apache.catalina.core.ApplicationFilterChain.internalDoFilter(Ljavax/servlet/ServletRequest;Ljavax/servlet/ServletResponse;)V+135
j  org.apache.catalina.core.ApplicationFilterChain.doFilter(Ljavax/servlet/ServletRequest;Ljavax/servlet/ServletResponse;)V+101
j  org.springframework.web.filter.CorsFilter.doFilterInternal(Ljavax/servlet/http/HttpServletRequest;Ljavax/servlet/http/HttpServletResponse;Ljavax/servlet/FilterChain;)V+43
j  org.springframework.web.filter.OncePerRequestFilter.doFilter(Ljavax/servlet/ServletRequest;Ljavax/servlet/ServletResponse;Ljavax/servlet/FilterChain;)V+147
j  org.apache.catalina.core.ApplicationFilterChain.internalDoFilter(Ljavax/servlet/ServletRequest;Ljavax/servlet/ServletResponse;)V+135
j  org.apache.catalina.core.ApplicationFilterChain.doFilter(Ljavax/servlet/ServletRequest;Ljavax/servlet/ServletResponse;)V+101
j  org.springframework.web.filter.RequestContextFilter.doFilterInternal(Ljavax/servlet/http/HttpServletRequest;Ljavax/servlet/http/HttpServletResponse;Ljavax/servlet/FilterChain;)V+21
j  org.springframework.web.filter.OncePerRequestFilter.doFilter(Ljavax/servlet/ServletRequest;Ljavax/servlet/ServletResponse;Ljavax/servlet/FilterChain;)V+147
j  org.apache.catalina.core.ApplicationFilterChain.internalDoFilter(Ljavax/servlet/ServletRequest;Ljavax/servlet/ServletResponse;)V+135
j  org.apache.catalina.core.ApplicationFilterChain.doFilter(Ljavax/servlet/ServletRequest;Ljavax/servlet/ServletResponse;)V+101
j  org.springframework.web.filter.FormContentFilter.doFilterInternal(Ljavax/servlet/http/HttpServletRequest;Ljavax/servlet/http/HttpServletResponse;Ljavax/servlet/FilterChain;)V+38
j  org.springframework.web.filter.OncePerRequestFilter.doFilter(Ljavax/servlet/ServletRequest;Ljavax/servlet/ServletResponse;Ljavax/servlet/FilterChain;)V+147
j  org.apache.catalina.core.ApplicationFilterChain.internalDoFilter(Ljavax/servlet/ServletRequest;Ljavax/servlet/ServletResponse;)V+135
j  org.apache.catalina.core.ApplicationFilterChain.doFilter(Ljavax/servlet/ServletRequest;Ljavax/servlet/ServletResponse;)V+101
j  org.springframework.web.filter.CharacterEncodingFilter.doFilterInternal(Ljavax/servlet/http/HttpServletRequest;Ljavax/servlet/http/HttpServletResponse;Ljavax/servlet/FilterChain;)V+53
j  org.springframework.web.filter.OncePerRequestFilter.doFilter(Ljavax/servlet/ServletRequest;Ljavax/servlet/ServletResponse;Ljavax/servlet/FilterChain;)V+147
j  org.apache.catalina.core.ApplicationFilterChain.internalDoFilter(Ljavax/servlet/ServletRequest;Ljavax/servlet/ServletResponse;)V+135
j  org.apache.catalina.core.ApplicationFilterChain.doFilter(Ljavax/servlet/ServletRequest;Ljavax/servlet/ServletResponse;)V+101
j  org.apache.catalina.core.StandardWrapperValve.invoke(Lorg/apache/catalina/connector/Request;Lorg/apache/catalina/connector/Response;)V+694
j  org.apache.catalina.core.StandardContextValve.invoke(Lorg/apache/catalina/connector/Request;Lorg/apache/catalina/connector/Response;)V+169
j  org.apache.catalina.authenticator.AuthenticatorBase.invoke(Lorg/apache/catalina/connector/Request;Lorg/apache/catalina/connector/Response;)V+260
j  org.apache.catalina.core.StandardHostValve.invoke(Lorg/apache/catalina/connector/Request;Lorg/apache/catalina/connector/Response;)V+128
j  org.apache.catalina.valves.ErrorReportValve.invoke(Lorg/apache/catalina/connector/Request;Lorg/apache/catalina/connector/Response;)V+6
j  org.apache.catalina.core.StandardEngineValve.invoke(Lorg/apache/catalina/connector/Request;Lorg/apache/catalina/connector/Response;)V+59
j  org.apache.catalina.connector.CoyoteAdapter.service(Lorg/apache/coyote/Request;Lorg/apache/coyote/Response;)V+199
j  org.apache.coyote.http11.Http11Processor.service(Lorg/apache/tomcat/util/net/SocketWrapperBase;)Lorg/apache/tomcat/util/net/AbstractEndpoint$Handler$SocketState;+737
j  org.apache.coyote.AbstractProcessorLight.process(Lorg/apache/tomcat/util/net/SocketWrapperBase;Lorg/apache/tomcat/util/net/SocketEvent;)Lorg/apache/tomcat/util/net/AbstractEndpoint$Handler$SocketState;+170
j  org.apache.coyote.AbstractProtocol$ConnectionHandler.process(Lorg/apache/tomcat/util/net/SocketWrapperBase;Lorg/apache/tomcat/util/net/SocketEvent;)Lorg/apache/tomcat/util/net/AbstractEndpoint$Handler$SocketState;+505
j  org.apache.tomcat.util.net.NioEndpoint$SocketProcessor.doRun()V+216
j  org.apache.tomcat.util.net.SocketProcessorBase.run()V+21
j  java.util.concurrent.ThreadPoolExecutor.runWorker(Ljava/util/concurrent/ThreadPoolExecutor$Worker;)V+95
j  java.util.concurrent.ThreadPoolExecutor$Worker.run()V+5
j  org.apache.tomcat.util.threads.TaskThread$WrappingRunnable.run()V+4
j  java.lang.Thread.run()V+11
v  ~StubRoutines::call_stub

---------------  P R O C E S S  ---------------

Java Threads: ( => current thread )
  0x000001b2abfdd000 JavaThread "WeakCollectionCleaner" daemon [_thread_blocked, id=36116, stack(0x00000024faf00000,0x00000024fb000000)]
  0x000001b2abfd9800 JavaThread "GT authority factory disposer" daemon [_thread_blocked, id=36636, stack(0x00000024f9700000,0x00000024f9800000)]
  0x000001b2abfdc800 JavaThread "DestroyJavaVM" [_thread_blocked, id=9036, stack(0x00000024f8000000,0x00000024f8100000)]
  0x000001b2abfd8800 JavaThread "http-nio-8083-Acceptor" daemon [_thread_in_native, id=25884, stack(0x00000024fae00000,0x00000024faf00000)]
  0x000001b2abfd5000 JavaThread "http-nio-8083-ClientPoller" daemon [_thread_in_native, id=1116, stack(0x00000024fad00000,0x00000024fae00000)]
  0x000001b2abfdb800 JavaThread "http-nio-8083-exec-10" daemon [_thread_blocked, id=6588, stack(0x00000024fac00000,0x00000024fad00000)]
  0x000001b2abfd4000 JavaThread "http-nio-8083-exec-9" daemon [_thread_blocked, id=30240, stack(0x00000024fab00000,0x00000024fac00000)]
=>0x000001b2abfd6800 JavaThread "http-nio-8083-exec-8" daemon [_thread_in_native, id=34004, stack(0x00000024faa00000,0x00000024fab00000)]
  0x000001b2abe69800 JavaThread "http-nio-8083-exec-7" daemon [_thread_blocked, id=17112, stack(0x00000024fa900000,0x00000024faa00000)]
  0x000001b2abe66800 JavaThread "http-nio-8083-exec-6" daemon [_thread_blocked, id=18660, stack(0x00000024fa800000,0x00000024fa900000)]
  0x000001b2abe65000 JavaThread "http-nio-8083-exec-5" daemon [_thread_blocked, id=30396, stack(0x00000024fa700000,0x00000024fa800000)]
  0x000001b2abe67800 JavaThread "http-nio-8083-exec-4" daemon [_thread_blocked, id=28560, stack(0x00000024fa600000,0x00000024fa700000)]
  0x000001b2abe69000 JavaThread "http-nio-8083-exec-3" daemon [_thread_blocked, id=27780, stack(0x00000024fa500000,0x00000024fa600000)]
  0x000001b2abe64800 JavaThread "http-nio-8083-exec-2" daemon [_thread_blocked, id=28648, stack(0x00000024fa400000,0x00000024fa500000)]
  0x000001b2abe6b000 JavaThread "http-nio-8083-exec-1" daemon [_thread_blocked, id=14668, stack(0x00000024fa300000,0x00000024fa400000)]
  0x000001b2abe68000 JavaThread "http-nio-8083-BlockPoller" daemon [_thread_in_native, id=18168, stack(0x00000024fa200000,0x00000024fa300000)]
  0x000001b2abe66000 JavaThread "File Watcher" daemon [_thread_blocked, id=9340, stack(0x00000024fa000000,0x00000024fa100000)]
  0x000001b2abe6a800 JavaThread "Live Reload Server" daemon [_thread_in_native, id=27500, stack(0x00000024fa100000,0x00000024fa200000)]
  0x000001b2abd32800 JavaThread "cluster-rtt-ClusterId{value='6291e686b0b32c475e815023', description='null'}-localhost:27017" daemon [_thread_blocked, id=10704, stack(0x00000024f9e00000,0x00000024f9f00000)]
  0x000001b2abced800 JavaThread "cluster-ClusterId{value='6291e686b0b32c475e815023', description='null'}-localhost:27017" daemon [_thread_blocked, id=35280, stack(0x00000024f9d00000,0x00000024f9e00000)]
  0x000001b2abccc800 JavaThread "container-0" [_thread_blocked, id=30952, stack(0x00000024f9c00000,0x00000024f9d00000)]
  0x000001b2abcc3800 JavaThread "Catalina-utility-2" [_thread_blocked, id=36388, stack(0x00000024f9b00000,0x00000024f9c00000)]
  0x000001b2a9a06000 JavaThread "Catalina-utility-1" [_thread_blocked, id=36628, stack(0x00000024f9a00000,0x00000024f9b00000)]
  0x000001b2a99f1000 JavaThread "RMI Scheduler(0)" daemon [_thread_blocked, id=16924, stack(0x00000024f9900000,0x00000024f9a00000)]
  0x000001b2a92f5800 JavaThread "RMI TCP Accept-0" daemon [_thread_in_native, id=18632, stack(0x00000024f9400000,0x00000024f9500000)]
  0x000001b2a9075800 JavaThread "Service Thread" daemon [_thread_blocked, id=33676, stack(0x00000024f9300000,0x00000024f9400000)]
  0x000001b2a8dbe800 JavaThread "C1 CompilerThread3" daemon [_thread_blocked, id=8144, stack(0x00000024f9200000,0x00000024f9300000)]
  0x000001b2a8db9800 JavaThread "C2 CompilerThread2" daemon [_thread_blocked, id=35296, stack(0x00000024f9100000,0x00000024f9200000)]
  0x000001b2a8dc8000 JavaThread "C2 CompilerThread1" daemon [_thread_blocked, id=30636, stack(0x00000024f9000000,0x00000024f9100000)]
  0x000001b2a8dc7800 JavaThread "C2 CompilerThread0" daemon [_thread_blocked, id=15764, stack(0x00000024f8f00000,0x00000024f9000000)]
  0x000001b2a8da1000 JavaThread "Monitor Ctrl-Break" daemon [_thread_in_native, id=28768, stack(0x00000024f8e00000,0x00000024f8f00000)]
  0x000001b2a6d00000 JavaThread "Attach Listener" daemon [_thread_blocked, id=35744, stack(0x00000024f8d00000,0x00000024f8e00000)]
  0x000001b2a8943800 JavaThread "Signal Dispatcher" daemon [_thread_blocked, id=22248, stack(0x00000024f8c00000,0x00000024f8d00000)]
  0x000001b28e4f1000 JavaThread "Finalizer" daemon [_thread_blocked, id=23700, stack(0x00000024f8b00000,0x00000024f8c00000)]
  0x000001b2a6cc8000 JavaThread "Reference Handler" daemon [_thread_blocked, id=3532, stack(0x00000024f8a00000,0x00000024f8b00000)]

Other Threads:
  0x000001b2a6ca1800 VMThread [stack: 0x00000024f8900000,0x00000024f8a00000] [id=36652]
  0x000001b2a92fc000 WatcherThread [stack: 0x00000024f9500000,0x00000024f9600000] [id=22340]

VM state:not at safepoint (normal execution)

VM Mutex/Monitor currently owned by a thread: None

heap address: 0x0000000701200000, size: 3054 MB, Compressed Oops mode: Zero based, Oop shift amount: 3
Narrow klass base: 0x0000000000000000, Narrow klass shift: 3
Compressed class space size: 1073741824 Address: 0x00000007c0000000

Heap:
 PSYoungGen      total 265728K, used 200548K [0x0000000780600000, 0x0000000793c00000, 0x00000007c0000000)
  eden space 251904K, 74% used [0x0000000780600000,0x000000078bc5aaa0,0x000000078fc00000)
  from space 13824K, 99% used [0x0000000792e80000,0x0000000793bfe578,0x0000000793c00000)
  to   space 16384K, 0% used [0x0000000791c00000,0x0000000791c00000,0x0000000792c00000)
 ParOldGen       total 106496K, used 17251K [0x0000000701200000, 0x0000000707a00000, 0x0000000780600000)
  object space 106496K, 16% used [0x0000000701200000,0x00000007022d8f68,0x0000000707a00000)
 Metaspace       used 54829K, capacity 57998K, committed 58240K, reserved 1099776K
  class space    used 7198K, capacity 7745K, committed 7808K, reserved 1048576K

Card table byte_map: [0x000001b29f0a0000,0x000001b29f6a0000] byte_map_base: 0x000001b29b897000

Marking Bits: (ParMarkBitMap*) 0x000000006a507fe0
 Begin Bits: [0x000001b29faa0000, 0x000001b2a2a58000)
 End Bits:   [0x000001b2a2a58000, 0x000001b2a5a10000)

Polling page: 0x000001b28e3d0000

CodeCache: size=245760Kb used=10718Kb max_used=10718Kb free=235041Kb
 bounds [0x000001b28fce0000, 0x000001b290760000, 0x000001b29ece0000]
 total_blobs=6347 nmethods=5591 adapters=668
 compilation: enabled

Compilation events (10 events):
Event: 383.552 Thread 0x000001b2a8dbe800 5716       1       org.opengis.util.CodeList::equals (40 bytes)
Event: 383.552 Thread 0x000001b2a8dbe800 nmethod 5716 0x000001b29075a690 code [0x000001b29075a800, 0x000001b29075a9f0]
Event: 383.552 Thread 0x000001b2a8dbe800 5717       1       java.util.stream.StreamSpliterators$WrappingSpliterator$$Lambda$85/179479558::accept (9 bytes)
Event: 383.552 Thread 0x000001b2a8dbe800 nmethod 5717 0x000001b29075aad0 code [0x000001b29075ac20, 0x000001b29075ad70]
Event: 383.552 Thread 0x000001b2a8dbe800 5718       1       java.util.stream.SpinedBuffer::accept (94 bytes)
Event: 383.552 Thread 0x000001b2a8dbe800 nmethod 5718 0x000001b29075ae10 code [0x000001b29075afa0, 0x000001b29075b2b0]
Event: 383.552 Thread 0x000001b2a8dbe800 5719       1       java.util.stream.SpinedBuffer::get (123 bytes)
Event: 383.552 Thread 0x000001b2a8dbe800 nmethod 5719 0x000001b29075b510 code [0x000001b29075b6e0, 0x000001b29075bba0]
Event: 383.552 Thread 0x000001b2a8dbe800 5720   !   1       java.nio.channels.spi.AbstractInterruptibleChannel::close (37 bytes)
Event: 383.553 Thread 0x000001b2a8dbe800 nmethod 5720 0x000001b29075c010 code [0x000001b29075c180, 0x000001b29075c4d0]

GC Heap History (10 events):
Event: 3.105 GC heap before
{Heap before GC invocations=6 (full 1):
 PSYoungGen      total 106496K, used 98304K [0x0000000780600000, 0x0000000787600000, 0x00000007c0000000)
  eden space 98304K, 100% used [0x0000000780600000,0x0000000786600000,0x0000000786600000)
  from space 8192K, 0% used [0x0000000786e00000,0x0000000786e00000,0x0000000787600000)
  to   space 8192K, 0% used [0x0000000786600000,0x0000000786600000,0x0000000786e00000)
 ParOldGen       total 77824K, used 9435K [0x0000000701200000, 0x0000000705e00000, 0x0000000780600000)
  object space 77824K, 12% used [0x0000000701200000,0x0000000701b36ea8,0x0000000705e00000)
 Metaspace       used 25918K, capacity 27650K, committed 27776K, reserved 1073152K
  class space    used 3514K, capacity 3861K, committed 3968K, reserved 1048576K
Event: 3.112 GC heap after
Heap after GC invocations=6 (full 1):
 PSYoungGen      total 106496K, used 8187K [0x0000000780600000, 0x000000078bb80000, 0x00000007c0000000)
  eden space 98304K, 0% used [0x0000000780600000,0x0000000780600000,0x0000000786600000)
  from space 8192K, 99% used [0x0000000786600000,0x0000000786dfef90,0x0000000786e00000)
  to   space 12288K, 0% used [0x000000078af80000,0x000000078af80000,0x000000078bb80000)
 ParOldGen       total 77824K, used 11050K [0x0000000701200000, 0x0000000705e00000, 0x0000000780600000)
  object space 77824K, 14% used [0x0000000701200000,0x0000000701cca9f8,0x0000000705e00000)
 Metaspace       used 25918K, capacity 27650K, committed 27776K, reserved 1073152K
  class space    used 3514K, capacity 3861K, committed 3968K, reserved 1048576K
}
Event: 3.718 GC heap before
{Heap before GC invocations=7 (full 1):
 PSYoungGen      total 106496K, used 106491K [0x0000000780600000, 0x000000078bb80000, 0x00000007c0000000)
  eden space 98304K, 100% used [0x0000000780600000,0x0000000786600000,0x0000000786600000)
  from space 8192K, 99% used [0x0000000786600000,0x0000000786dfef90,0x0000000786e00000)
  to   space 12288K, 0% used [0x000000078af80000,0x000000078af80000,0x000000078bb80000)
 ParOldGen       total 77824K, used 11050K [0x0000000701200000, 0x0000000705e00000, 0x0000000780600000)
  object space 77824K, 14% used [0x0000000701200000,0x0000000701cca9f8,0x0000000705e00000)
 Metaspace       used 33074K, capacity 35340K, committed 35456K, reserved 1079296K
  class space    used 4523K, capacity 4944K, committed 4992K, reserved 1048576K
Event: 3.729 GC heap after
Heap after GC invocations=7 (full 1):
 PSYoungGen      total 171520K, used 12273K [0x0000000780600000, 0x000000078bf00000, 0x00000007c0000000)
  eden space 159232K, 0% used [0x0000000780600000,0x0000000780600000,0x000000078a180000)
  from space 12288K, 99% used [0x000000078af80000,0x000000078bb7c6e0,0x000000078bb80000)
  to   space 14336K, 0% used [0x000000078a180000,0x000000078a180000,0x000000078af80000)
 ParOldGen       total 77824K, used 12248K [0x0000000701200000, 0x0000000705e00000, 0x0000000780600000)
  object space 77824K, 15% used [0x0000000701200000,0x0000000701df61b0,0x0000000705e00000)
 Metaspace       used 33074K, capacity 35340K, committed 35456K, reserved 1079296K
  class space    used 4523K, capacity 4944K, committed 4992K, reserved 1048576K
}
Event: 3.760 GC heap before
{Heap before GC invocations=8 (full 1):
 PSYoungGen      total 171520K, used 21119K [0x0000000780600000, 0x000000078bf00000, 0x00000007c0000000)
  eden space 159232K, 5% used [0x0000000780600000,0x0000000780ea3700,0x000000078a180000)
  from space 12288K, 99% used [0x000000078af80000,0x000000078bb7c6e0,0x000000078bb80000)
  to   space 14336K, 0% used [0x000000078a180000,0x000000078a180000,0x000000078af80000)
 ParOldGen       total 77824K, used 12248K [0x0000000701200000, 0x0000000705e00000, 0x0000000780600000)
  object space 77824K, 15% used [0x0000000701200000,0x0000000701df61b0,0x0000000705e00000)
 Metaspace       used 33202K, capacity 35410K, committed 35496K, reserved 1079296K
  class space    used 4538K, capacity 4945K, committed 4992K, reserved 1048576K
Event: 3.766 GC heap after
Heap after GC invocations=8 (full 1):
 PSYoungGen      total 173568K, used 8253K [0x0000000780600000, 0x0000000793c00000, 0x00000007c0000000)
  eden space 159232K, 0% used [0x0000000780600000,0x0000000780600000,0x000000078a180000)
  from space 14336K, 57% used [0x000000078a180000,0x000000078a98f7b8,0x000000078af80000)
  to   space 13824K, 0% used [0x0000000792e80000,0x0000000792e80000,0x0000000793c00000)
 ParOldGen       total 77824K, used 12248K [0x0000000701200000, 0x0000000705e00000, 0x0000000780600000)
  object space 77824K, 15% used [0x0000000701200000,0x0000000701df61b0,0x0000000705e00000)
 Metaspace       used 33202K, capacity 35410K, committed 35496K, reserved 1079296K
  class space    used 4538K, capacity 4945K, committed 4992K, reserved 1048576K
}
Event: 3.766 GC heap before
{Heap before GC invocations=9 (full 2):
 PSYoungGen      total 173568K, used 8253K [0x0000000780600000, 0x0000000793c00000, 0x00000007c0000000)
  eden space 159232K, 0% used [0x0000000780600000,0x0000000780600000,0x000000078a180000)
  from space 14336K, 57% used [0x000000078a180000,0x000000078a98f7b8,0x000000078af80000)
  to   space 13824K, 0% used [0x0000000792e80000,0x0000000792e80000,0x0000000793c00000)
 ParOldGen       total 77824K, used 12248K [0x0000000701200000, 0x0000000705e00000, 0x0000000780600000)
  object space 77824K, 15% used [0x0000000701200000,0x0000000701df61b0,0x0000000705e00000)
 Metaspace       used 33202K, capacity 35410K, committed 35496K, reserved 1079296K
  class space    used 4538K, capacity 4945K, committed 4992K, reserved 1048576K
Event: 3.824 GC heap after
Heap after GC invocations=9 (full 2):
 PSYoungGen      total 173568K, used 0K [0x0000000780600000, 0x0000000793c00000, 0x00000007c0000000)
  eden space 159232K, 0% used [0x0000000780600000,0x0000000780600000,0x000000078a180000)
  from space 14336K, 0% used [0x000000078a180000,0x000000078a180000,0x000000078af80000)
  to   space 13824K, 0% used [0x0000000792e80000,0x0000000792e80000,0x0000000793c00000)
 ParOldGen       total 106496K, used 14711K [0x0000000701200000, 0x0000000707a00000, 0x0000000780600000)
  object space 106496K, 13% used [0x0000000701200000,0x000000070205dd20,0x0000000707a00000)
 Metaspace       used 33201K, capacity 35408K, committed 35496K, reserved 1079296K
  class space    used 4538K, capacity 4944K, committed 4992K, reserved 1048576K
}
Event: 17.939 GC heap before
{Heap before GC invocations=10 (full 2):
 PSYoungGen      total 173568K, used 159232K [0x0000000780600000, 0x0000000793c00000, 0x00000007c0000000)
  eden space 159232K, 100% used [0x0000000780600000,0x000000078a180000,0x000000078a180000)
  from space 14336K, 0% used [0x000000078a180000,0x000000078a180000,0x000000078af80000)
  to   space 13824K, 0% used [0x0000000792e80000,0x0000000792e80000,0x0000000793c00000)
 ParOldGen       total 106496K, used 14711K [0x0000000701200000, 0x0000000707a00000, 0x0000000780600000)
  object space 106496K, 13% used [0x0000000701200000,0x000000070205dd20,0x0000000707a00000)
 Metaspace       used 45617K, capacity 48596K, committed 48768K, reserved 1091584K
  class space    used 6166K, capacity 6664K, committed 6784K, reserved 1048576K
Event: 17.952 GC heap after
Heap after GC invocations=10 (full 2):
 PSYoungGen      total 265728K, used 13817K [0x0000000780600000, 0x0000000793c00000, 0x00000007c0000000)
  eden space 251904K, 0% used [0x0000000780600000,0x0000000780600000,0x000000078fc00000)
  from space 13824K, 99% used [0x0000000792e80000,0x0000000793bfe578,0x0000000793c00000)
  to   space 16384K, 0% used [0x0000000791c00000,0x0000000791c00000,0x0000000792c00000)
 ParOldGen       total 106496K, used 17251K [0x0000000701200000, 0x0000000707a00000, 0x0000000780600000)
  object space 106496K, 16% used [0x0000000701200000,0x00000007022d8f68,0x0000000707a00000)
 Metaspace       used 45617K, capacity 48596K, committed 48768K, reserved 1091584K
  class space    used 6166K, capacity 6664K, committed 6784K, reserved 1048576K
}

Deoptimization events (0 events):
No events

Classes redefined (0 events):
No events

Internal exceptions (10 events):
Event: 15.730 Thread 0x000001b2abe64800 Exception <a 'java/lang/ArrayIndexOutOfBoundsException'> (0x00000007877dc5d0) thrown at [C:\jenkins\workspace\8-2-build-windows-amd64-cygwin\jdk8u301\1513\hotspot\src\share\vm\runtime\sharedRuntime.cpp, line 609]
Event: 15.738 Thread 0x000001b2abe64800 Exception <a 'java/lang/ArrayIndexOutOfBoundsException'> (0x00000007878abae0) thrown at [C:\jenkins\workspace\8-2-build-windows-amd64-cygwin\jdk8u301\1513\hotspot\src\share\vm\runtime\sharedRuntime.cpp, line 609]
Event: 15.773 Thread 0x000001b2abe64800 Exception <a 'java/lang/ArrayIndexOutOfBoundsException'> (0x0000000787b1ddc8) thrown at [C:\jenkins\workspace\8-2-build-windows-amd64-cygwin\jdk8u301\1513\hotspot\src\share\vm\runtime\sharedRuntime.cpp, line 609]
Event: 15.778 Thread 0x000001b2abe64800 Exception <a 'java/lang/ArrayIndexOutOfBoundsException'> (0x0000000787b5c6e0) thrown at [C:\jenkins\workspace\8-2-build-windows-amd64-cygwin\jdk8u301\1513\hotspot\src\share\vm\runtime\sharedRuntime.cpp, line 609]
Event: 15.786 Thread 0x000001b2abe64800 Exception <a 'java/lang/ArrayIndexOutOfBoundsException'> (0x0000000787bf9940) thrown at [C:\jenkins\workspace\8-2-build-windows-amd64-cygwin\jdk8u301\1513\hotspot\src\share\vm\runtime\sharedRuntime.cpp, line 609]
Event: 17.713 Thread 0x000001b2abe69000 Exception <a 'java/io/FileNotFoundException'> (0x0000000787ec0808) thrown at [C:\jenkins\workspace\8-2-build-windows-amd64-cygwin\jdk8u301\1513\hotspot\src\share\vm\prims\jni.cpp, line 710]
Event: 18.076 Thread 0x000001b2abe69000 Exception <a 'java/io/FileNotFoundException'> (0x0000000781b885f8) thrown at [C:\jenkins\workspace\8-2-build-windows-amd64-cygwin\jdk8u301\1513\hotspot\src\share\vm\prims\jni.cpp, line 710]
Event: 18.704 Thread 0x000001b2abe69000 Exception <a 'java/io/FileNotFoundException'> (0x00000007878735a0) thrown at [C:\jenkins\workspace\8-2-build-windows-amd64-cygwin\jdk8u301\1513\hotspot\src\share\vm\prims\jni.cpp, line 710]
Event: 40.057 Thread 0x000001b2abe65000 Exception <a 'java/io/FileNotFoundException'> (0x0000000788b5b598) thrown at [C:\jenkins\workspace\8-2-build-windows-amd64-cygwin\jdk8u301\1513\hotspot\src\share\vm\prims\jni.cpp, line 710]
Event: 383.484 Thread 0x000001b2abfd6800 Exception <a 'java/io/FileNotFoundException'> (0x000000078baf4360) thrown at [C:\jenkins\workspace\8-2-build-windows-amd64-cygwin\jdk8u301\1513\hotspot\src\share\vm\prims\jni.cpp, line 710]

Events (10 events):
Event: 383.421 Executing VM operation: RevokeBias
Event: 383.421 Executing VM operation: RevokeBias done
Event: 383.422 loading class org/geotools/util/SoftValueHashMap$Reference
Event: 383.422 loading class org/geotools/util/SoftValueHashMap$Reference done
Event: 383.549 Executing VM operation: RevokeBias
Event: 383.549 Executing VM operation: RevokeBias done
Event: 383.549 Executing VM operation: RevokeBias
Event: 383.549 Executing VM operation: RevokeBias done
Event: 383.549 Executing VM operation: RevokeBias
Event: 383.549 Executing VM operation: RevokeBias done


Dynamic libraries:
0x00007ff60f8f0000 - 0x00007ff60f937000 	G:\Program Files (x86)\Java\jdk1.8.0_301\bin\java.exe
0x00007ff804c50000 - 0x00007ff804e45000 	C:\WINDOWS\SYSTEM32\ntdll.dll
0x00007ff803a80000 - 0x00007ff803b3e000 	C:\WINDOWS\System32\KERNEL32.DLL
0x00007ff8028a0000 - 0x00007ff802b68000 	C:\WINDOWS\System32\KERNELBASE.dll
0x00007ff804810000 - 0x00007ff8048be000 	C:\WINDOWS\System32\ADVAPI32.dll
0x00007ff802dd0000 - 0x00007ff802e6e000 	C:\WINDOWS\System32\msvcrt.dll
0x00007ff804b70000 - 0x00007ff804c0c000 	C:\WINDOWS\System32\sechost.dll
0x00007ff802e70000 - 0x00007ff802f95000 	C:\WINDOWS\System32\RPCRT4.dll
0x00007ff8038e0000 - 0x00007ff803a80000 	C:\WINDOWS\System32\USER32.dll
0x00007ff802c80000 - 0x00007ff802ca2000 	C:\WINDOWS\System32\win32u.dll
0x00007ff803b40000 - 0x00007ff803b6b000 	C:\WINDOWS\System32\GDI32.dll
0x00007ff802b70000 - 0x00007ff802c7b000 	C:\WINDOWS\System32\gdi32full.dll
0x00007ff802370000 - 0x00007ff80240d000 	C:\WINDOWS\System32\msvcp_win.dll
0x00007ff802530000 - 0x00007ff802630000 	C:\WINDOWS\System32\ucrtbase.dll
0x00007ffff7fe0000 - 0x00007ffff827a000 	C:\WINDOWS\WinSxS\amd64_microsoft.windows.common-controls_6595b64144ccf1df_6.0.19041.1110_none_60b5254171f9507e\COMCTL32.dll
0x00007ff802d90000 - 0x00007ff802dc0000 	C:\WINDOWS\System32\IMM32.DLL
0x00007ffffb700000 - 0x00007ffffb715000 	G:\Program Files (x86)\Java\jdk1.8.0_301\jre\bin\vcruntime140.dll
0x00007fffdbb90000 - 0x00007fffdbc2b000 	G:\Program Files (x86)\Java\jdk1.8.0_301\jre\bin\msvcp140.dll
0x0000000069d20000 - 0x000000006a580000 	G:\Program Files (x86)\Java\jdk1.8.0_301\jre\bin\server\jvm.dll
0x00007ff802dc0000 - 0x00007ff802dc8000 	C:\WINDOWS\System32\PSAPI.DLL
0x00007ffffe460000 - 0x00007ffffe469000 	C:\WINDOWS\SYSTEM32\WSOCK32.dll
0x00007ffff6410000 - 0x00007ffff6437000 	C:\WINDOWS\SYSTEM32\WINMM.dll
0x00007ff803c50000 - 0x00007ff803cbb000 	C:\WINDOWS\System32\WS2_32.dll
0x00007ffffd3e0000 - 0x00007ffffd3ea000 	C:\WINDOWS\SYSTEM32\VERSION.dll
0x00007ff8002a0000 - 0x00007ff8002b2000 	C:\WINDOWS\SYSTEM32\kernel.appcore.dll
0x00007ffffbda0000 - 0x00007ffffbdb0000 	G:\Program Files (x86)\Java\jdk1.8.0_301\jre\bin\verify.dll
0x00007ffff4b40000 - 0x00007ffff4b6b000 	G:\Program Files (x86)\Java\jdk1.8.0_301\jre\bin\java.dll
0x00007fffea130000 - 0x00007fffea160000 	G:\Program Files (x86)\Java\jdk1.8.0_301\jre\bin\instrument.dll
0x00007ffff7700000 - 0x00007ffff7718000 	G:\Program Files (x86)\Java\jdk1.8.0_301\jre\bin\zip.dll
0x00007ff803190000 - 0x00007ff8038d4000 	C:\WINDOWS\System32\SHELL32.dll
0x00007ff8004a0000 - 0x00007ff800c34000 	C:\WINDOWS\SYSTEM32\windows.storage.dll
0x00007ff804040000 - 0x00007ff804394000 	C:\WINDOWS\System32\combase.dll
0x00007ff801d00000 - 0x00007ff801d2c000 	C:\WINDOWS\SYSTEM32\Wldp.dll
0x00007ff8030e0000 - 0x00007ff80318d000 	C:\WINDOWS\System32\SHCORE.dll
0x00007ff8048c0000 - 0x00007ff804915000 	C:\WINDOWS\System32\shlwapi.dll
0x00007ff8022b0000 - 0x00007ff8022cf000 	C:\WINDOWS\SYSTEM32\profapi.dll
0x00007ffff0c60000 - 0x00007ffff0c7a000 	G:\Program Files (x86)\IntelliJ IDEA\bin\breakgen64.dll
0x00007fffecfc0000 - 0x00007fffecfdc000 	G:\Program Files (x86)\Java\jdk1.8.0_301\jre\bin\net.dll
0x00007ff801a60000 - 0x00007ff801aca000 	C:\WINDOWS\system32\mswsock.dll
0x00007ff801790000 - 0x00007ff80185a000 	C:\WINDOWS\SYSTEM32\DNSAPI.dll
0x00007ff801750000 - 0x00007ff80178b000 	C:\WINDOWS\SYSTEM32\IPHLPAPI.DLL
0x00007ff8030d0000 - 0x00007ff8030d8000 	C:\WINDOWS\System32\NSI.dll
0x00007ffffbe90000 - 0x00007ffffbe9a000 	C:\Windows\System32\rasadhlp.dll
0x00007ffffb0f0000 - 0x00007ffffb16f000 	C:\WINDOWS\System32\fwpuclnt.dll
0x00007ff802870000 - 0x00007ff802897000 	C:\WINDOWS\System32\bcrypt.dll
0x00007ffffcd10000 - 0x00007ffffcd1d000 	G:\Program Files (x86)\Java\jdk1.8.0_301\jre\bin\management.dll
0x00007fffec6d0000 - 0x00007fffec6e3000 	G:\Program Files (x86)\Java\jdk1.8.0_301\jre\bin\nio.dll
0x00007ff801c50000 - 0x00007ff801c68000 	C:\WINDOWS\SYSTEM32\CRYPTSP.dll
0x00007ff8013e0000 - 0x00007ff801414000 	C:\WINDOWS\system32\rsaenh.dll
0x00007ff802220000 - 0x00007ff80224e000 	C:\WINDOWS\SYSTEM32\USERENV.dll
0x00007ff802630000 - 0x00007ff8026b2000 	C:\WINDOWS\System32\bcryptprimitives.dll
0x00007ff801c70000 - 0x00007ff801c7c000 	C:\WINDOWS\SYSTEM32\CRYPTBASE.dll
0x00007ffffd4b0000 - 0x00007ffffd4c7000 	C:\WINDOWS\SYSTEM32\dhcpcsvc6.DLL
0x00007ffffd490000 - 0x00007ffffd4ad000 	C:\WINDOWS\SYSTEM32\dhcpcsvc.DLL
0x00007ffff63f0000 - 0x00007ffff6407000 	C:\WINDOWS\system32\napinsp.dll
0x00007ffff6350000 - 0x00007ffff636b000 	C:\WINDOWS\system32\pnrpnsp.dll
0x00007ffffd540000 - 0x00007ffffd55d000 	C:\WINDOWS\system32\NLAapi.dll
0x00007ffff62b0000 - 0x00007ffff62c5000 	C:\WINDOWS\system32\wshbth.dll
0x00007ffff5fe0000 - 0x00007ffff5ff2000 	C:\WINDOWS\System32\winrnr.dll
0x0000000180000000 - 0x0000000180286000 	G:\Program Files (x86)\apache-tomcat-9.0.59\bin\tcnative-1.dll
0x00007ff8026c0000 - 0x00007ff802816000 	C:\WINDOWS\System32\CRYPT32.dll
0x00007fffdab50000 - 0x00007fffdace5000 	G:\Program Files (x86)\Java\jdk1.8.0_301\jre\bin\awt.dll
0x00007ff804920000 - 0x00007ff8049ed000 	C:\WINDOWS\System32\OLEAUT32.dll
0x00007fffffb40000 - 0x00007fffffbd0000 	C:\WINDOWS\SYSTEM32\apphelp.dll
0x00007ff8010b0000 - 0x00007ff8010e3000 	C:\WINDOWS\SYSTEM32\ntmarta.dll
0x00007fffe3970000 - 0x00007fffe3a02000 	G:\ProgramFiles(x86)\GDAL-2.4.0\bin\gdal\java\gdalalljni.dll
0x00007fffb37f0000 - 0x00007fffb4c47000 	G:\ProgramFiles(x86)\GDAL-2.4.0\bin\gdal204.dll
0x00007fffebaf0000 - 0x00007fffebb17000 	G:\ProgramFiles(x86)\GDAL-2.4.0\bin\expat.dll
0x00007fffebc60000 - 0x00007fffebc8b000 	G:\ProgramFiles(x86)\GDAL-2.4.0\bin\LIBPQ.dll
0x00007fffce630000 - 0x00007fffce916000 	G:\ProgramFiles(x86)\GDAL-2.4.0\bin\xerces-c_3_2.dll
0x00007fffda980000 - 0x00007fffdaa6c000 	G:\ProgramFiles(x86)\GDAL-2.4.0\bin\sqlite3.dll
0x00007fffb0820000 - 0x00007fffb133a000 	G:\ProgramFiles(x86)\GDAL-2.4.0\bin\spatialite.dll
0x00007fffc4ed0000 - 0x00007fffc5332000 	G:\ProgramFiles(x86)\GDAL-2.4.0\bin\libmysql.dll
0x00007fffebaa0000 - 0x00007fffebaed000 	G:\ProgramFiles(x86)\GDAL-2.4.0\bin\geos_c.dll
0x00007fffea8d0000 - 0x00007fffea925000 	G:\ProgramFiles(x86)\GDAL-2.4.0\bin\libcurl.dll
0x00007fffdca70000 - 0x00007fffdcb29000 	C:\WINDOWS\SYSTEM32\ODBC32.dll
0x00007ffff6ff0000 - 0x00007ffff6ffc000 	C:\WINDOWS\SYSTEM32\Secur32.dll
0x00007fffead40000 - 0x00007fffead8c000 	G:\ProgramFiles(x86)\GDAL-2.4.0\bin\openjp2.dll
0x00007fffe4260000 - 0x00007fffe42c0000 	G:\ProgramFiles(x86)\GDAL-2.4.0\bin\proj.dll
0x00007ffff0f10000 - 0x00007ffff0f28000 	G:\ProgramFiles(x86)\GDAL-2.4.0\bin\freexl.dll
0x00007fffda480000 - 0x00007fffda5cc000 	G:\ProgramFiles(x86)\GDAL-2.4.0\bin\libxml2.dll
0x00007fffebc40000 - 0x00007fffebc57000 	G:\ProgramFiles(x86)\GDAL-2.4.0\bin\zlib1.dll
0x00007fffe3780000 - 0x00007fffe37d9000 	G:\ProgramFiles(x86)\GDAL-2.4.0\bin\SSLEAY32.dll
0x00007fffd8220000 - 0x00007fffd83aa000 	G:\ProgramFiles(x86)\GDAL-2.4.0\bin\LIBEAY32.dll
0x00007fffce010000 - 0x00007fffce164000 	G:\ProgramFiles(x86)\GDAL-2.4.0\bin\geos.dll
0x00007fffd8610000 - 0x00007fffd86f5000 	G:\ProgramFiles(x86)\GDAL-2.4.0\bin\iconv.dll
0x00007ff8020a0000 - 0x00007ff8020aa000 	C:\WINDOWS\SYSTEM32\DPAPI.DLL
0x00007ff8021c0000 - 0x00007ff8021f2000 	C:\WINDOWS\SYSTEM32\SSPICLI.DLL
0x00007ffffa530000 - 0x00007ffffa714000 	C:\WINDOWS\SYSTEM32\dbghelp.dll

VM Arguments:
jvm_args: -XX:TieredStopAtLevel=1 -Xverify:none -Dspring.output.ansi.enabled=always -Dcom.sun.management.jmxremote -Dspring.jmx.enabled=true -Dspring.liveBeansView.mbeanDomain -Dspring.application.admin.enabled=true -javaagent:G:\Program Files (x86)\IntelliJ IDEA\lib\idea_rt.jar=51608:G:\Program Files (x86)\IntelliJ IDEA\bin -Dfile.encoding=UTF-8 
java_command: nnu.ogms.basins.BasinsApplication
java_class_path (initial): G:\Program Files (x86)\Java\jdk1.8.0_301\jre\lib\charsets.jar;G:\Program Files (x86)\Java\jdk1.8.0_301\jre\lib\deploy.jar;G:\Program Files (x86)\Java\jdk1.8.0_301\jre\lib\ext\access-bridge-64.jar;G:\Program Files (x86)\Java\jdk1.8.0_301\jre\lib\ext\cldrdata.jar;G:\Program Files (x86)\Java\jdk1.8.0_301\jre\lib\ext\dnsns.jar;G:\Program Files (x86)\Java\jdk1.8.0_301\jre\lib\ext\jaccess.jar;G:\Program Files (x86)\Java\jdk1.8.0_301\jre\lib\ext\jfxrt.jar;G:\Program Files (x86)\Java\jdk1.8.0_301\jre\lib\ext\localedata.jar;G:\Program Files (x86)\Java\jdk1.8.0_301\jre\lib\ext\nashorn.jar;G:\Program Files (x86)\Java\jdk1.8.0_301\jre\lib\ext\sunec.jar;G:\Program Files (x86)\Java\jdk1.8.0_301\jre\lib\ext\sunjce_provider.jar;G:\Program Files (x86)\Java\jdk1.8.0_301\jre\lib\ext\sunmscapi.jar;G:\Program Files (x86)\Java\jdk1.8.0_301\jre\lib\ext\sunpkcs11.jar;G:\Program Files (x86)\Java\jdk1.8.0_301\jre\lib\ext\zipfs.jar;G:\Program Files (x86)\Java\jdk1.8.0_301\jre\lib\javaws.jar;G:\Program Files (x86)\Java\jdk1.8.0_301\jre\lib\jce.jar;G:\Program Files (x86)\Java\jdk1.8.0_301\jre\lib\jfr.jar;G:\Program Files (x86)\Java\jdk1.8.0_301\jre\lib\jfxswt.jar;G:\Program Files (x86)\Java\jdk1.8.0_301\jre\lib\jsse.jar;G:\Program Files (x86)\Java\jdk1.8.0_301\jre\lib\management-agent.jar;G:\Program Files (x86)\Java\jdk1.8.0_301\jre\lib\plugin.jar;G:\Program Files (x86)\Java\jdk1.8.0_301\jre\lib\resources.jar;G:\Program Files (x86)\Java\jdk1.8.0_301\jre\lib\rt.jar;D:\WEB\WebBasin\back\target\classes;G:\Program Files (x86)\Maven\maven_work\repository\org\springframework\boot\spring-boot-starter-web\2.4.2\spring-boot-starter-web-2.4.2.jar;G:\Program Files (x86)\Maven\maven_work\repository\org\springframework\boot\spring-boot-starter-json\2.4.2\spring-boot-starter-json-2.4.2.jar;G:\Program Files (x86)\Maven\maven_work\repository\com\fasterxml\jackson\core\jackson-databind\2.11.4\jackson-databind-2.11.4.jar;G:\Program Files (x86)\Maven\maven_work\repository\com\fasterxm
Launcher Type: SUN_STANDARD

Environment Variables:
JAVA_HOME=G:\Program Files (x86)\Java\jdk1.8.0_301
CLASSPATH=.;G:\Program Files (x86)\Java\jdk1.8.0_301/lib/dt.jar;G:\Program Files (x86)\Java\jdk1.8.0_301/lib/tools.jar;G:\Program Files (x86)\apache-tomcat-9.0.59\lib\servlet-api.jar
PATH=C:\Program Files\Microsoft MPI\Bin\;G:\ProgramFiles(x86)\GDAL-2.4.0;G:\ProgramFiles(x86)\GDAL-2.4.0\bin;G:\ProgramFiles(x86)\GDAL-2.4.0\bin\proj\apps;G:\ProgramFiles(x86)\GDAL-2.4.0\bin\gdal\apps;G:\ProgramFiles(x86)\GDAL-2.4.0\bin\ms\apps;G:\ProgramFiles(x86)\GDAL-2.4.0\bin\curl;;C:\GDAL;C:\Program Files\GDAL;G:\Program Files (x86)\TauDEM\TauDEM5Exe;G:\ProgramFiles(x86)\mongo-c-driver\bin;C:\ProgramData\Oracle\Java\javapath;C:\Program Files (x86)\Common Files\Oracle\Java\javapath;C:\ProgramData\Anaconda3\Library\bin;C:\ProgramData\Anaconda3\Scripts;C:\ProgramData\Anaconda3;C:\WINDOWS\system32;C:\WINDOWS;C:\WINDOWS\System32\Wbem;C:\WINDOWS\System32\WindowsPowerShell\v1.0\;C:\WINDOWS\System32\OpenSSH\;G:\Program Files (x86)\Xftp\;G:\Program Files (x86)\Xshell 7\;G:\Program Files (x86)\Java\jdk1.8.0_301\bin;G:\Program Files (x86)\Java\jdk1.8.0_301\jre\bin;G:\Program Files (x86)\nodejs\;G:\Program Files (x86)\cmake\bin;G:\Program Files (x86)\MySQL Server 5.5\bin;G:\Program Files (x86)\apache-tomcat-9.0.59\bin;G:\Program Files (x86)\Maven\apache-maven-3.3.9-bin\bin;G:\Program Files (x86)\WhiteBoxTool;G:\ProgramFiles(x86)\GDAL-2.4.0\bin\gdal\java;G:\ProgramFiles(x86)\GDAL-2.4.0\bin\gdal-data;;G:\Program Files (x86)\Python36\Scripts\;G:\Program Files (x86)\Python36\;C:\Users\Yuan\AppData\Local\Microsoft\WindowsApps;C:\Users\Yuan\AppData\Local\GitHubDesktop\bin;C:\Users\Yuan\AppData\Roaming\npm;G:\Program Files (x86)\IntelliJ IDEA Community Edition 2021.1.3\bin;
USERNAME=Yuan
OS=Windows_NT
PROCESSOR_IDENTIFIER=Intel64 Family 6 Model 60 Stepping 3, GenuineIntel



---------------  S Y S T E M  ---------------

OS: Windows 10.0 , 64 bit Build 19041 (10.0.19041.1566)

CPU:total 8 (initial active 8) (4 cores per cpu, 2 threads per core) family 6 model 60 stepping 3, cmov, cx8, fxsr, mmx, sse, sse2, sse3, ssse3, sse4.1, sse4.2, popcnt, avx, avx2, aes, clmul, erms, lzcnt, ht, tsc, tscinvbit, bmi1, bmi2

Memory: 4k page, physical 12504960k(1533728k free), swap 40386888k(12408212k free)

vm_info: Java HotSpot(TM) 64-Bit Server VM (25.301-b09) for windows-amd64 JRE (1.8.0_301-b09), built on Jun  9 2021 06:46:21 by "java_re" with MS VC++ 15.9 (VS2017)

time: Sat May 28 17:14:42 2022
timezone: 中国标准时间
elapsed time: 383.723274 seconds (0d 0h 6m 23s)

